#
# A fatal error has been detected by the Java Runtime Environment:
#
#  Internal Error (jvmciRuntime.cpp:1609), pid=30, tid=44
#  fatal error: Fatal exception in JVMCI: Error calling jdk.vm.ci.services.Services.serializeSavedProperties
#
# JRE version: OpenJDK Runtime Environment GraalVM CE 22.3.0 (17.0.5+8) (build 17.0.5+8-jvmci-22.3-b08)
# Java VM: OpenJDK 64-Bit Server VM GraalVM CE 22.3.0 (17.0.5+8-jvmci-22.3-b08, mixed mode, sharing, tiered, jvmci, jvmci compiler, compressed oops, compressed class ptrs, parallel gc, linux-amd64)
# Problematic frame:
# V  [libjvm.so+0x972714]  JVMCIRuntime::fatal_exception(JVMCIEnv*, char const*)+0x74
#
# Core dump will be written. Default location: Core dumps may be processed with "/usr/share/apport/apport -p%p -s%s -c%c -d%d -P%P -u%u -g%g -- %E" (or dumping to /home/runner/calc/core.30)
#
# If you would like to submit a bug report, please visit:
#   https://github.com/oracle/graal/issues
#

---------------  S U M M A R Y ------------

Command Line: -XX:ThreadPriorityPolicy=1 -XX:+UnlockExperimentalVMOptions -XX:+EnableJVMCIProduct -XX:JVMCIThreadsPerNativeLibraryRuntime=1 -XX:-UnlockExperimentalVMOptions -Declipse.application=org.eclipse.jdt.ls.core.id1 -Dosgi.bundles.defaultStartLevel=4 -Declipse.product=org.eclipse.jdt.ls.core.product -Dlog.level=ALL -Xverify:none -XX:+UseParallelGC -XX:GCTimeRatio=4 -XX:AdaptiveSizePolicyWeight=90 -Dsun.zip.disableMemoryMapping=true -Xmx512m -Xms100m /nix/store/m6gcpi1ii6rghy04cjwjddcavv7i90df-jdt-language-server-1.9.0/share/java/plugins/org.eclipse.equinox.launcher_1.6.400.v20210924-0641.jar --add-modules=ALL-SYSTEM --add-opens java.base/java.util=ALL-UNNAMED --add-opens java.base/java.lang=ALL-UNNAMED -configuration /home/runner/.cache/jdt-language-server/config -data /home/runner/.cache/jdt-language-server/data/home/runner/calc

Host: AMD EPYC 7B12, 8 cores, 1G, Ubuntu 20.04.2 LTS
Time: Sun Mar  5 06:13:28 2023 UTC elapsed time: 933.403698 seconds (0d 0h 15m 33s)

---------------  T H R E A D  ---------------

Current thread (0x00007f36fc0b21b0):  JavaThread "JVMCI-native CompilerThread0" daemon [_thread_in_vm, id=44, stack(0x00007f36e30b3000,0x00007f36e32b3000)]


Current CompileTask:
JVMCI-native: 933403 10745  s!   4       java.lang.StackTraceElement::computeFormat (71 bytes)

Stack: [0x00007f36e30b3000,0x00007f36e32b3000],  sp=0x00007f36e32b1380,  free space=2040k
Native frames: (J=compiled Java code, j=interpreted, Vv=VM code, C=native code)
V  [libjvm.so+0x972714]  JVMCIRuntime::fatal_exception(JVMCIEnv*, char const*)+0x74
V  [libjvm.so+0x93e2fe]  JVMCIEnv::copy_saved_properties()+0x14e
V  [libjvm.so+0x9732a9]  JVMCIRuntime::initialize(JVMCIEnv*)+0xb19
V  [libjvm.so+0x9738a2]  JVMCIRuntime::get_HotSpotJVMCIRuntime(JVMCIEnv*)+0x12
V  [libjvm.so+0x9749f2]  JVMCIRuntime::compile_method(JVMCIEnv*, JVMCICompiler*, methodHandle const&, int)+0xd2
V  [libjvm.so+0x5b0d20]  CompileBroker::invoke_compiler_on_method(CompileTask*)+0x1470
V  [libjvm.so+0x5b12e8]  CompileBroker::compiler_thread_loop()+0x528
V  [libjvm.so+0xd82460]  JavaThread::thread_main_inner()+0xd0
V  [libjvm.so+0xd85a40]  Thread::call_run()+0xc0
V  [libjvm.so+0xbdb1e1]  thread_native_entry(Thread*)+0xe1

Register to memory mapping:

RAX=0x00007f3702d48000 points into unknown readable memory: 0x0000000000000058 | 58 00 00 00 00 00 00 00
RBX=0x00007f3703e43398: <offset 0x0000000000ef5398> in /nix/store/gpxl5qgg8kicmcvivwmybwjlpf7wh20l-graalvm17-ce-22.3.0/lib/server/libjvm.so at 0x00007f3702f4e000
RCX=0x00007f3703dfb1e8: <offset 0x0000000000ead1e8> in /nix/store/gpxl5qgg8kicmcvivwmybwjlpf7wh20l-graalvm17-ce-22.3.0/lib/server/libjvm.so at 0x00007f3702f4e000
RDX=0x0000000000000649 is an unknown value
RSP=0x00007f36e32b1380 is pointing into the stack for thread: 0x00007f36fc0b21b0
RBP=0x00007f36e32b13a0 is pointing into the stack for thread: 0x00007f36fc0b21b0
RSI=0x00007f3703e43c48: <offset 0x0000000000ef5c48> in /nix/store/gpxl5qgg8kicmcvivwmybwjlpf7wh20l-graalvm17-ce-22.3.0/lib/server/libjvm.so at 0x00007f3702f4e000
RDI=0x00000000e0000000 is an oop: java.lang.String 
{0x00000000e0000000} - klass: 'java/lang/String'
 - string: "resolution"
R8 =0x00007f3703e43398: <offset 0x0000000000ef5398> in /nix/store/gpxl5qgg8kicmcvivwmybwjlpf7wh20l-graalvm17-ce-22.3.0/lib/server/libjvm.so at 0x00007f3702f4e000
R9 =0x00007f36e32b1330 is pointing into the stack for thread: 0x00007f36fc0b21b0
R10=0x00007f36e32b2948 is pointing into the stack for thread: 0x00007f36fc0b21b0
R11=0x0000000000000293 is an unknown value
R12=0x0 is NULL
R13=0x00007f36fc0b21b0 is a thread
R14=0x00007f36fc000b80 points into unknown readable memory: 0x00007f3704074a38 | 38 4a 07 04 37 7f 00 00
R15=0x00007f3704182e40: <offset 0x0000000001234e40> in /nix/store/gpxl5qgg8kicmcvivwmybwjlpf7wh20l-graalvm17-ce-22.3.0/lib/server/libjvm.so at 0x00007f3702f4e000


Registers:
RAX=0x00007f3702d48000, RBX=0x00007f3703e43398, RCX=0x00007f3703dfb1e8, RDX=0x0000000000000649
RSP=0x00007f36e32b1380, RBP=0x00007f36e32b13a0, RSI=0x00007f3703e43c48, RDI=0x00000000e0000000
R8 =0x00007f3703e43398, R9 =0x00007f36e32b1330, R10=0x00007f36e32b2948, R11=0x0000000000000293
R12=0x0000000000000000, R13=0x00007f36fc0b21b0, R14=0x00007f36fc000b80, R15=0x00007f3704182e40
RIP=0x00007f37038c0714, EFLAGS=0x0000000000010206, CSGSFS=0x002b000000000033, ERR=0x0000000000000006
  TRAPNO=0x000000000000000e

Top of Stack: (sp=0x00007f36e32b1380)
0x00007f36e32b1380:   00007f36e32b1940 00007f36fc0b21b0
0x00007f36e32b1390:   00007f37016d98c8 0000000800c417a0
0x00007f36e32b13a0:   00007f36e32b1500 00007f370388c2fe
0x00007f36e32b13b0:   00007f36e32b13e0 00007f36e32b1440 

Instructions: (pc=0x00007f37038c0714)
0x00007f37038c0614:   30 e8 f6 cf e8 ff 4c 89 e7 e8 2e 48 d1 ff 84 db
0x00007f37038c0624:   75 2a 4d 85 ed 74 04 4d 8b 6d 00 48 83 c4 08 44
0x00007f37038c0634:   89 f9 4c 89 f2 4c 89 ee 5b 4c 89 e7 41 5c 41 5d
0x00007f37038c0644:   41 5e 41 5f 5d e9 e2 47 d1 ff 66 90 48 83 c4 08
0x00007f37038c0654:   5b 41 5c 41 5d 41 5e 41 5f 5d c3 90 31 d2 be 08
0x00007f37038c0664:   00 00 00 4c 89 ff e8 b1 78 a3 ff 49 89 c5 e9 37
0x00007f37038c0674:   ff ff ff 66 0f 1f 84 00 00 00 00 00 48 8b 7a 08
0x00007f37038c0684:   e9 6d ff ff ff 0f 1f 80 00 00 00 00 e8 5b 48 0a
0x00007f37038c0694:   00 84 c0 75 89 e9 6a ff ff ff 66 90 55 48 89 e5
0x00007f37038c06a4:   41 56 41 55 41 54 49 89 fc 53 48 89 f3 66 48 8d
0x00007f37038c06b4:   3d 27 5e 85 00 66 66 48 e8 df 43 8d ff 4c 8b 28
0x00007f37038c06c4:   8b 05 be 72 8a 00 85 c0 75 14 ba 01 00 00 00 48
0x00007f37038c06d4:   8d 0d ae 72 8a 00 f0 0f b1 11 85 c0 74 4e be c8
0x00007f37038c06e4:   00 00 00 4c 89 ef e8 01 0b 41 00 48 8d 05 12 ac
0x00007f37038c06f4:   85 00 49 89 d8 48 8d 0d e8 aa 53 00 ba 49 06 00
0x00007f37038c0704:   00 48 8d 35 3c 35 58 00 bf 00 00 00 e0 48 8b 00
0x00007f37038c0714:   c6 00 58 31 c0 e8 e2 91 c6 ff 5b 41 5c 41 5d 41
0x00007f37038c0724:   5e 5d e9 55 34 26 00 0f 1f 44 00 00 48 8d 05 81
0x00007f37038c0734:   a3 8b 00 48 89 df 4c 8b 30 e8 9e 43 8d ff 48 89
0x00007f37038c0744:   de 48 89 c2 49 8b 06 4c 89 f7 ff 50 08 4c 89 f7
0x00007f37038c0754:   e8 a7 5c 27 00 4d 85 e4 74 12 be 01 00 00 00 4c
0x00007f37038c0764:   89 e7 e8 35 43 fc ff eb 82 0f 1f 00 be 01 00 00
0x00007f37038c0774:   00 4c 89 ef e8 d3 fd ff ff e9 6d ff ff ff 66 66
0x00007f37038c0784:   2e 0f 1f 84 00 00 00 00 00 0f 1f 00 55 48 89 e5
0x00007f37038c0794:   41 57 41 56 41 55 41 54 53 48 81 ec 08 02 00 00
0x00007f37038c07a4:   64 48 8b 04 25 28 00 00 00 48 89 45 c8 8b 07 83
0x00007f37038c07b4:   f8 02 0f 84 11 04 00 00 4c 8b 6f 18 49 89 ff 49
0x00007f37038c07c4:   89 f4 4d 85 ed 74 14 4c 89 ef e8 5d 57 22 00 41
0x00007f37038c07d4:   8b 07 83 f8 02 0f 84 19 04 00 00 48 8d 1d 9a 06
0x00007f37038c07e4:   8a 00 4c 8d 35 0b 3c 58 00 eb 38 90 48 85 d2 7f
0x00007f37038c07f4:   0d 48 8d 05 b4 c0 85 00 48 83 38 00 7e 0e 41 8b
0x00007f37038c0804:   77 2c 4c 89 f7 31 c0 e8 a0 b2 f7 ff 49 8b 7f 18 


Stack slot to memory mapping:
stack at sp + 0 slots: 0x00007f36e32b1940 is pointing into the stack for thread: 0x00007f36fc0b21b0
stack at sp + 1 slots: 0x00007f36fc0b21b0 is a thread
stack at sp + 2 slots: 0x00007f37016d98c8 points into unknown readable memory: 0x6573001880c9ffff | ff ff c9 80 18 00 73 65
stack at sp + 3 slots: 0x0000000800c417a0 is a pointer to class: 
jdk.vm.ci.services.Services {0x0000000800c417a0}
 - instance size:     2
 - klass size:        65
 - access:            public final synchronized 
 - state:             fully_initialized
 - name:              'jdk/vm/ci/services/Services'
 - super:             'java/lang/Object'
 - sub:               
 - arrays:            NULL
 - methods:           Array<T>(0x00007f37008434f8)
 - method ordering:   Array<T>(0x0000000800928960)
 - default_methods:   Array<T>(0x0000000000000000)
 - local interfaces:  Array<T>(0x00000008005ce810)
 - trans. interfaces: Array<T>(0x00000008005ce810)
 - constants:         constant pool [427] {0x00007f37008425d8} for 'jdk/vm/ci/services/Services' cache=0x00007f37008447c8
 - class loader data:  loader data: 0x00007f36fc0283d0 of 'bootstrap'
 - source file:       'Services.java'
 - class annotations:       Array<T>(0x0000000000000000)
 - class type annotations:  Array<T>(0x0000000000000000)
 - field annotations:       Array<T>(0x0000000000000000)
 - field type annotations:  Array<T>(0x0000000000000000)
 - inner classes:     Array<T>(0x00007f3700844798)
 - nest members:     Array<T>(0x00007f37008447b8)
 - permitted subclasses:     Array<T>(0x00000008005ce7a0)
 - java mirror:       a 'java/lang/Class'{0x00000000e0148368} = 'jdk/vm/ci/services/Services'
 - vtable length      5  (start addr: 0x0000000800c41970)
 - itable length      2 (start addr: 0x0000000800c41998)
 - ---- static fields (3 words):
 - public static final 'IS_BUILDING_NATIVE_IMAGE' 'Z' @128 
 - public static final 'IS_IN_NATIVE_IMAGE' 'Z' @129 
 - private static volatile 'savedProperties' 'Ljava/util/Map;' @112 
 - static final 'JVMCI_ENABLED' 'Z' @130 
 - private static final 'servicesCache' 'Ljava/util/Map;' @116 
 - private static final 'MAX_UNICODE_IN_UTF8_LENGTH' 'I' @120 
 - private static final 'MAX_UTF8_PROPERTY_STRING_LENGTH' 'I' @124 
 - ---- non-static fields (0 words):
 - non-static oop maps: 
stack at sp + 4 slots: 0x00007f36e32b1500 is pointing into the stack for thread: 0x00007f36fc0b21b0
stack at sp + 5 slots: 0x00007f370388c2fe: <offset 0x000000000093e2fe> in /nix/store/gpxl5qgg8kicmcvivwmybwjlpf7wh20l-graalvm17-ce-22.3.0/lib/server/libjvm.so at 0x00007f3702f4e000
stack at sp + 6 slots: 0x00007f36e32b13e0 is pointing into the stack for thread: 0x00007f36fc0b21b0
stack at sp + 7 slots: 0x00007f36e32b1440 is pointing into the stack for thread: 0x00007f36fc0b21b0


---------------  P R O C E S S  ---------------

Threads class SMR info:
_java_thread_list=0x00007f365000f6a0, length=26, elements={
0x00007f36fc026670, 0x00007f36fc0a64b0, 0x00007f36fc0a78f0, 0x00007f36fc0ae020,
0x00007f36fc0af3d0, 0x00007f36fc0b07c0, 0x00007f36fc0b21b0, 0x00007f36fc0b36c0,
0x00007f36fc0b4720, 0x00007f36fc0d7510, 0x00007f36fc11f0a0, 0x00007f36fc3239e0,
0x00007f36fc3571b0, 0x00007f36fc3593a0, 0x00007f36fc61e4a0, 0x00007f369401a820,
0x00007f36942b1890, 0x00007f3694315a80, 0x00007f3684007280, 0x00007f3694492b80,
0x00007f3694631d80, 0x00007f36fc4493d0, 0x00007f36fc398440, 0x00007f367c105cc0,
0x00007f3650015940, 0x00007f368c02e1f0
}

Java Threads: ( => current thread )
  0x00007f36fc026670 JavaThread "main" [_thread_blocked, id=36, stack(0x00007f3702d69000,0x00007f3702e69000)]
  0x00007f36fc0a64b0 JavaThread "Reference Handler" daemon [_thread_blocked, id=39, stack(0x00007f370052e000,0x00007f370062e000)]
  0x00007f36fc0a78f0 JavaThread "Finalizer" daemon [_thread_blocked, id=40, stack(0x00007f370042e000,0x00007f370052e000)]
  0x00007f36fc0ae020 JavaThread "Signal Dispatcher" daemon [_thread_blocked, id=41, stack(0x00007f3700048000,0x00007f3700148000)]
  0x00007f36fc0af3d0 JavaThread "Service Thread" daemon [_thread_blocked, id=42, stack(0x00007f36e33b3000,0x00007f36e34b3000)]
  0x00007f36fc0b07c0 JavaThread "Monitor Deflation Thread" daemon [_thread_blocked, id=43, stack(0x00007f36e32b3000,0x00007f36e33b3000)]
=>0x00007f36fc0b21b0 JavaThread "JVMCI-native CompilerThread0" daemon [_thread_in_vm, id=44, stack(0x00007f36e30b3000,0x00007f36e32b3000)]
  0x00007f36fc0b36c0 JavaThread "C1 CompilerThread0" daemon [_thread_blocked, id=45, stack(0x00007f36e2eb3000,0x00007f36e30b3000)]
  0x00007f36fc0b4720 JavaThread "Sweeper thread" daemon [_thread_blocked, id=46, stack(0x00007f36e2db3000,0x00007f36e2eb3000)]
  0x00007f36fc0d7510 JavaThread "Common-Cleaner" daemon [_thread_blocked, id=47, stack(0x00007f36e2cb3000,0x00007f36e2db3000)]
  0x00007f36fc11f0a0 JavaThread "Notification Thread" daemon [_thread_blocked, id=48, stack(0x00007f36e2bb3000,0x00007f36e2cb3000)]
  0x00007f36fc3239e0 JavaThread "Active Thread: Equinox Container: 72ce0d66-ae1f-40de-9155-4a776e66ec7c" [_thread_blocked, id=62, stack(0x00007f36e29b1000,0x00007f36e2ab1000)]
  0x00007f36fc3571b0 JavaThread "Framework Event Dispatcher: Equinox Container: 72ce0d66-ae1f-40de-9155-4a776e66ec7c" daemon [_thread_blocked, id=63, stack(0x00007f36e0500000,0x00007f36e0600000)]
  0x00007f36fc3593a0 JavaThread "Start Level: Equinox Container: 72ce0d66-ae1f-40de-9155-4a776e66ec7c" daemon [_thread_blocked, id=64, stack(0x00007f36e0300000,0x00007f36e0400000)]
  0x00007f36fc61e4a0 JavaThread "Refresh Thread: Equinox Container: 72ce0d66-ae1f-40de-9155-4a776e66ec7c" daemon [_thread_blocked, id=72, stack(0x00007f36e0100000,0x00007f36e0200000)]
  0x00007f369401a820 JavaThread "SCR Component Actor" daemon [_thread_blocked, id=75, stack(0x00007f36aad00000,0x00007f36aae00000)]
  0x00007f36942b1890 JavaThread "Worker-JM" [_thread_blocked, id=85, stack(0x00007f36aa900000,0x00007f36aaa00000)]
  0x00007f3694315a80 JavaThread "Worker-0: Java indexing... " [_thread_blocked, id=86, stack(0x00007f36aa700000,0x00007f36aa800000)]
  0x00007f3684007280 JavaThread "Worker-2: Refreshing workspace" [_thread_blocked, id=88, stack(0x00007f36aa300000,0x00007f36aa400000)]
  0x00007f3694492b80 JavaThread "Java indexing" daemon [_thread_blocked, id=89, stack(0x00007f36aa100000,0x00007f36aa200000)]
  0x00007f3694631d80 JavaThread "Bundle File Closer" daemon [_thread_blocked, id=93, stack(0x00007f36a9f00000,0x00007f36aa000000)]
  0x00007f36fc4493d0 JavaThread "pool-3-thread-1" [_thread_blocked, id=99, stack(0x00007f36a9d00000,0x00007f36a9e00000)]
  0x00007f36fc398440 JavaThread "pool-2-thread-1" [_thread_blocked, id=100, stack(0x00007f36a9b00000,0x00007f36a9c00000)]
  0x00007f367c105cc0 JavaThread "Worker-7: Publish Diagnostics" [_thread_blocked, id=290, stack(0x00007f36a9100000,0x00007f36a9200000)]
  0x00007f3650015940 JavaThread "Worker-8: Compacting resource model" [_thread_blocked, id=802, stack(0x00007f36aab00000,0x00007f36aac00000)]
  0x00007f368c02e1f0 JavaThread "Worker-9" [_thread_blocked, id=1038, stack(0x00007f36aa500000,0x00007f36aa600000)]

Other Threads:
  0x00007f36fc0a1bf0 VMThread "VM Thread" [stack: 0x00007f3700630000,0x00007f3700730000] [id=38] _threads_hazard_ptr=0x00007f365000f6a0
  0x00007f36fc120a40 WatcherThread [stack: 0x00007f36e2ab3000,0x00007f36e2bb3000] [id=49]
  0x00007f36fc03df10 GCTaskThread "GC Thread#0" [stack: 0x00007f370292c000,0x00007f3702a2c000] [id=37]

Threads with active compile tasks:
JVMCI-native CompilerThread0   933492 10745  s!   4       java.lang.StackTraceElement::computeFormat (71 bytes)

VM state: synchronizing (normal execution)

VM Mutex/Monitor currently owned by a thread:  ([mutex/lock_event])
[0x00007f36fc023820] Threads_lock - owner thread: 0x00007f36fc0a1bf0
[0x00007f36fc023fd0] Heap_lock - owner thread: 0x00007f3694492b80

OutOfMemory and StackOverflow Exception counts:
OutOfMemoryError java_heap_errors=8
LinkageErrors=51

Heap address: 0x00000000e0000000, size: 512 MB, Compressed Oops mode: 32-bit

CDS archive(s) mapped at: [0x0000000800000000-0x0000000800bc8000-0x0000000800bc8000), size 12353536, SharedBaseAddress: 0x0000000800000000, ArchiveRelocationMode: 0.
Compressed class space mapped at: 0x0000000800c00000-0x0000000840c00000, reserved size: 1073741824
Narrow klass base: 0x0000000800000000, Narrow klass shift: 0, Narrow klass range: 0x100000000

GC Precious Log:
 CPUs: 8 total, 1 available
 Memory: 1024M
 Large Page Support: Disabled
 NUMA Support: Disabled
 Compressed Oops: Enabled (32-bit)
 Alignments: Space 512K, Generation 512K, Heap 2M
 Heap Min Capacity: 100M
 Heap Initial Capacity: 100M
 Heap Max Capacity: 512M
 Pre-touch: Disabled
 Parallel Workers: 1

Heap:
 PSYoungGen      total 17408K, used 12288K [0x00000000f5580000, 0x00000000f6c80000, 0x0000000100000000)
  eden space 12288K, 100% used [0x00000000f5580000,0x00000000f6180000,0x00000000f6180000)
  from space 5120K, 0% used [0x00000000f6680000,0x00000000f6680000,0x00000000f6b80000)
  to   space 5120K, 0% used [0x00000000f6180000,0x00000000f6180000,0x00000000f6680000)
 ParOldGen       total 349696K, used 349695K [0x00000000e0000000, 0x00000000f5580000, 0x00000000f5580000)
  object space 349696K, 99% used [0x00000000e0000000,0x00000000f557fff8,0x00000000f5580000)
 Metaspace       used 59103K, committed 60032K, reserved 1105920K
  class space    used 5687K, committed 6080K, reserved 1048576K

Card table byte_map: [0x00007f3702a2c000,0x00007f3702b2d000] _byte_map_base: 0x00007f370232c000

Marking Bits: (ParMarkBitMap*) 0x00007f370417c4c0
 Begin Bits: [0x00007f370187f000, 0x00007f370207f000)
 End Bits:   [0x00007f370207f000, 0x00007f370287f000)

Polling page: 0x00007f3702d46000

Metaspace:

Usage:
  Non-class:     52.16 MB used.
      Class:      5.55 MB used.
       Both:     57.72 MB used.

Virtual space:
  Non-class space:       56.00 MB reserved,      52.69 MB ( 94%) committed,  7 nodes.
      Class space:        1.00 GB reserved,       5.94 MB ( <1%) committed,  1 nodes.
             Both:        1.05 GB reserved,      58.62 MB (  5%) committed. 

Chunk freelists:
   Non-Class:  2.44 MB
       Class:  1.94 MB
        Both:  4.38 MB

MaxMetaspaceSize: unlimited
CompressedClassSpaceSize: 1.00 GB
Initial GC threshold: 21.00 MB
Current GC threshold: 97.62 MB
CDS: on
MetaspaceReclaimPolicy: balanced
 - commit_granule_bytes: 65536.
 - commit_granule_words: 8192.
 - virtual_space_node_default_size: 1048576.
 - enlarge_chunks_in_place: 1.
 - new_chunks_are_fully_committed: 0.
 - uncommit_free_chunks: 1.
 - use_allocation_guard: 0.
 - handle_deallocations: 1.


Internal statistics:

num_allocs_failed_limit: 6.
num_arena_births: 390.
num_arena_deaths: 78.
num_vsnodes_births: 8.
num_vsnodes_deaths: 0.
num_space_committed: 936.
num_space_uncommitted: 0.
num_chunks_returned_to_freelist: 112.
num_chunks_taken_from_freelist: 2643.
num_chunk_merges: 44.
num_chunk_splits: 1733.
num_chunks_enlarged: 1085.
num_purges: 16.
num_inconsistent_stats: 0.

CodeHeap 'non-profiled nmethods': size=120036Kb used=2624Kb max_used=2704Kb free=117411Kb
 bounds [0x00007f36eaf7a000, 0x00007f36eb22a000, 0x00007f36f24b3000]
CodeHeap 'profiled nmethods': size=120032Kb used=17930Kb max_used=20275Kb free=102101Kb
 bounds [0x00007f36e3a42000, 0x00007f36e4e12000, 0x00007f36eaf7a000]
CodeHeap 'non-nmethods': size=5692Kb used=1397Kb max_used=1421Kb free=4294Kb
 bounds [0x00007f36e34b3000, 0x00007f36e3723000, 0x00007f36e3a42000]
 total_blobs=8405 nmethods=7676 adapters=619
 compilation: enabled
              stopped_count=0, restarted_count=0
 full_count=0

JVMCI Events (20 events):
Event: 570.071 Thread 0x00007f36fc0b21b0 done waiting for JavaVM references initialization in JVMCI runtime 0
Event: 628.092 Thread 0x00007f36fc0b21b0 initialized JVMCI runtime 0
Event: 660.253 Thread 0x00007f36fc0b21b0 compacted oop handles in JVMCI runtime 0 from 109 to 81
Event: 660.254 Thread 0x00007f36fc0b21b0 compacted oop handles in JVMCI runtime 0 from 81 to 69
Event: 753.977 Thread 0x00007f36fc0b21b0 compacted oop handles in JVMCI runtime 0 from 88 to 76
Event: 753.977 Thread 0x00007f36fc0b21b0 compacted oop handles in JVMCI runtime 0 from 77 to 58
Event: 759.198 Thread 0x00007f36fc0b21b0 compacted oop handles in JVMCI runtime 0 from 81 to 78
Event: 759.198 Thread 0x00007f36fc0b21b0 compacted oop handles in JVMCI runtime 0 from 79 to 59
Event: 761.839 Thread 0x00007f36fc0b21b0 compacted oop handles in JVMCI runtime 0 from 69 to 67
Event: 763.043 Thread 0x00007f36fc0b21b0 detaching from JVMCI runtime 0: releasing idle compiler thread (0 other threads still attached)
Event: 763.043 Thread 0x00007f36fc0b21b0 shutting down HotSpotJVMCIRuntime for JVMCI runtime 0
Event: 763.043 Thread 0x00007f36fc0b21b0 shut down JVMCI runtime 0
Event: 763.049 Thread 0x00007f36fc0b21b0 destroyed JavaVM[5]@0x00007f365529e340 for JVMCI runtime 0
Event: 763.049 Thread 0x00007f36fc0b21b0 compacted oop handles in JVMCI runtime 0 from 67 to 67
Event: 763.049 Thread 0x00007f36fc0b21b0 releasing handles for JVMCI runtime 0: oop handles=67, metadata handles={total=260, live=260, blocks=48}
Event: 763.049 Thread 0x00007f36fc0b21b0 detached from JVMCI runtime 0
Event: 784.978 Thread 0x00007f36fc0b21b0 attached to JVMCI runtime 0
Event: 784.980 Thread 0x00007f36fc0b21b0 created JavaVM[6]@0x00007f365529e340 for JVMCI runtime 0
Event: 784.980 Thread 0x00007f36fc0b21b0 initializing JVMCI runtime 0
Event: 784.980 Thread 0x00007f36fc0b21b0 done waiting for JavaVM references initialization in JVMCI runtime 0

Compilation events (20 events):
Event: 631.965 Thread 0x00007f36fc0b36c0 10740       3       org.eclipse.core.internal.content.ContentTypeCatalog::selectMatchingByName (88 bytes)
Event: 633.356 Thread 0x00007f36fc0b36c0 nmethod 10740 0x00007f36e4483590 code [0x00007f36e4483820, 0x00007f36e4484a00]
Event: 634.667 Thread 0x00007f36fc0b21b0 nmethod 10737 0x00007f36eb149090 code [0x00007f36eb149200, 0x00007f36eb149328]
Event: 634.667 Thread 0x00007f36fc0b21b0 10739   !   4       org.eclipse.jdt.internal.compiler.parser.diagnose.LexStream::readTokenFromScanner (417 bytes)
Event: 660.253 Thread 0x00007f36fc0b21b0 nmethod 10739 0x00007f36eb193590 code [0x00007f36eb1937e0, 0x00007f36eb194680]
Event: 660.254 Thread 0x00007f36fc0b21b0 10738 % !   4       org.eclipse.jdt.internal.compiler.parser.diagnose.DiagnoseParser::diagnoseParse @ 342 (1303 bytes)
Event: 714.974 Thread 0x00007f36fc0b36c0 10743       1       org.eclipse.osgi.internal.framework.EquinoxContainer::getStorage (5 bytes)
Event: 714.974 Thread 0x00007f36fc0b36c0 nmethod 10743 0x00007f36eb1d1110 code [0x00007f36eb1d12a0, 0x00007f36eb1d1370]
Event: 753.977 Thread 0x00007f36fc0b21b0 nmethod 10738% 0x00007f36eb21e290 code [0x00007f36eb21e780, 0x00007f36eb224a30]
Event: 753.977 Thread 0x00007f36fc0b21b0 10742   !   4       org.eclipse.core.internal.resources.Workspace::getResourceInfo (108 bytes)
Event: 759.198 Thread 0x00007f36fc0b21b0 nmethod 10742 0x00007f36eb1cff10 code [0x00007f36eb1d0100, 0x00007f36eb1d09d0]
Event: 759.198 Thread 0x00007f36fc0b21b0 10741       4       org.eclipse.jdt.internal.compiler.parser.diagnose.DiagnoseParser::isParsingModuleDeclaration (8 bytes)
Event: 759.199 Thread 0x00007f36fc0b21b0 nmethod 10741 0x00007f36eb193290 code [0x00007f36eb193420, 0x00007f36eb1934b0]
Event: 759.200 Thread 0x00007f36fc0b21b0 10744       4       java.util.concurrent.locks.AbstractQueuedSynchronizer::signalNext (34 bytes)
Event: 761.839 Thread 0x00007f36fc0b21b0 nmethod 10744 0x00007f36eb192f10 code [0x00007f36eb1930a0, 0x00007f36eb193170]
Event: 784.978 Thread 0x00007f36fc0b21b0 10745  s!   4       java.lang.StackTraceElement::computeFormat (71 bytes)
Event: 861.855 Thread 0x00007f36fc0b36c0 10747       3       java.util.concurrent.ThreadPoolExecutor::isShutdown (12 bytes)
Event: 861.855 Thread 0x00007f36fc0b36c0 nmethod 10747 0x00007f36e3b0f210 code [0x00007f36e3b0f3c0, 0x00007f36e3b0f5b0]
Event: 891.485 Thread 0x00007f36fc0b36c0 10748       3       java.util.concurrent.ScheduledThreadPoolExecutor::canRunInCurrentRunState (61 bytes)
Event: 891.486 Thread 0x00007f36fc0b36c0 nmethod 10748 0x00007f36e42e3b90 code [0x00007f36e42e3da0, 0x00007f36e42e4840]

GC Heap History (20 events):
Event: 919.871 GC heap before
{Heap before GC invocations=794 (full 647):
 PSYoungGen      total 17408K, used 12288K [0x00000000f5580000, 0x00000000f6c80000, 0x0000000100000000)
  eden space 12288K, 100% used [0x00000000f5580000,0x00000000f6180000,0x00000000f6180000)
  from space 5120K, 0% used [0x00000000f6680000,0x00000000f6680000,0x00000000f6b80000)
  to   space 5120K, 0% used [0x00000000f6180000,0x00000000f6180000,0x00000000f6680000)
 ParOldGen       total 349696K, used 349695K [0x00000000e0000000, 0x00000000f5580000, 0x00000000f5580000)
  object space 349696K, 99% used [0x00000000e0000000,0x00000000f557fff8,0x00000000f5580000)
 Metaspace       used 59103K, committed 60032K, reserved 1105920K
  class space    used 5687K, committed 6080K, reserved 1048576K
}
Event: 921.074 GC heap after
{Heap after GC invocations=794 (full 647):
 PSYoungGen      total 17408K, used 12287K [0x00000000f5580000, 0x00000000f6c80000, 0x0000000100000000)
  eden space 12288K, 99% used [0x00000000f5580000,0x00000000f617ffe8,0x00000000f6180000)
  from space 5120K, 0% used [0x00000000f6180000,0x00000000f6180000,0x00000000f6680000)
  to   space 5120K, 0% used [0x00000000f6680000,0x00000000f6680000,0x00000000f6b80000)
 ParOldGen       total 349696K, used 349695K [0x00000000e0000000, 0x00000000f5580000, 0x00000000f5580000)
  object space 349696K, 99% used [0x00000000e0000000,0x00000000f557ff48,0x00000000f5580000)
 Metaspace       used 59103K, committed 60032K, reserved 1105920K
  class space    used 5687K, committed 6080K, reserved 1048576K
}
Event: 921.074 GC heap before
{Heap before GC invocations=795 (full 648):
 PSYoungGen      total 17408K, used 12287K [0x00000000f5580000, 0x00000000f6c80000, 0x0000000100000000)
  eden space 12288K, 99% used [0x00000000f5580000,0x00000000f617fff8,0x00000000f6180000)
  from space 5120K, 0% used [0x00000000f6180000,0x00000000f6180000,0x00000000f6680000)
  to   space 5120K, 0% used [0x00000000f6680000,0x00000000f6680000,0x00000000f6b80000)
 ParOldGen       total 349696K, used 349695K [0x00000000e0000000, 0x00000000f5580000, 0x00000000f5580000)
  object space 349696K, 99% used [0x00000000e0000000,0x00000000f557ff48,0x00000000f5580000)
 Metaspace       used 59103K, committed 60032K, reserved 1105920K
  class space    used 5687K, committed 6080K, reserved 1048576K
}
Event: 922.375 GC heap after
{Heap after GC invocations=795 (full 648):
 PSYoungGen      total 17408K, used 12287K [0x00000000f5580000, 0x00000000f6c80000, 0x0000000100000000)
  eden space 12288K, 99% used [0x00000000f5580000,0x00000000f617fff8,0x00000000f6180000)
  from space 5120K, 0% used [0x00000000f6680000,0x00000000f6680000,0x00000000f6b80000)
  to   space 5120K, 0% used [0x00000000f6180000,0x00000000f6180000,0x00000000f6680000)
 ParOldGen       total 349696K, used 349695K [0x00000000e0000000, 0x00000000f5580000, 0x00000000f5580000)
  object space 349696K, 99% used [0x00000000e0000000,0x00000000f557ff48,0x00000000f5580000)
 Metaspace       used 59103K, committed 60032K, reserved 1105920K
  class space    used 5687K, committed 6080K, reserved 1048576K
}
Event: 922.376 GC heap before
{Heap before GC invocations=796 (full 649):
 PSYoungGen      total 17408K, used 12287K [0x00000000f5580000, 0x00000000f6c80000, 0x0000000100000000)
  eden space 12288K, 99% used [0x00000000f5580000,0x00000000f617fff8,0x00000000f6180000)
  from space 5120K, 0% used [0x00000000f6680000,0x00000000f6680000,0x00000000f6b80000)
  to   space 5120K, 0% used [0x00000000f6180000,0x00000000f6180000,0x00000000f6680000)
 ParOldGen       total 349696K, used 349695K [0x00000000e0000000, 0x00000000f5580000, 0x00000000f5580000)
  object space 349696K, 99% used [0x00000000e0000000,0x00000000f557ffb8,0x00000000f5580000)
 Metaspace       used 59103K, committed 60032K, reserved 1105920K
  class space    used 5687K, committed 6080K, reserved 1048576K
}
Event: 923.668 GC heap after
{Heap after GC invocations=796 (full 649):
 PSYoungGen      total 17408K, used 12287K [0x00000000f5580000, 0x00000000f6c80000, 0x0000000100000000)
  eden space 12288K, 99% used [0x00000000f5580000,0x00000000f617fff8,0x00000000f6180000)
  from space 5120K, 0% used [0x00000000f6180000,0x00000000f6180000,0x00000000f6680000)
  to   space 5120K, 0% used [0x00000000f6680000,0x00000000f6680000,0x00000000f6b80000)
 ParOldGen       total 349696K, used 349695K [0x00000000e0000000, 0x00000000f5580000, 0x00000000f5580000)
  object space 349696K, 99% used [0x00000000e0000000,0x00000000f557ff98,0x00000000f5580000)
 Metaspace       used 59103K, committed 60032K, reserved 1105920K
  class space    used 5687K, committed 6080K, reserved 1048576K
}
Event: 923.669 GC heap before
{Heap before GC invocations=797 (full 650):
 PSYoungGen      total 17408K, used 12287K [0x00000000f5580000, 0x00000000f6c80000, 0x0000000100000000)
  eden space 12288K, 99% used [0x00000000f5580000,0x00000000f617fff8,0x00000000f6180000)
  from space 5120K, 0% used [0x00000000f6180000,0x00000000f6180000,0x00000000f6680000)
  to   space 5120K, 0% used [0x00000000f6680000,0x00000000f6680000,0x00000000f6b80000)
 ParOldGen       total 349696K, used 349695K [0x00000000e0000000, 0x00000000f5580000, 0x00000000f5580000)
  object space 349696K, 99% used [0x00000000e0000000,0x00000000f557fff0,0x00000000f5580000)
 Metaspace       used 59103K, committed 60032K, reserved 1105920K
  class space    used 5687K, committed 6080K, reserved 1048576K
}
Event: 924.969 GC heap after
{Heap after GC invocations=797 (full 650):
 PSYoungGen      total 17408K, used 12287K [0x00000000f5580000, 0x00000000f6c80000, 0x0000000100000000)
  eden space 12288K, 99% used [0x00000000f5580000,0x00000000f617fff8,0x00000000f6180000)
  from space 5120K, 0% used [0x00000000f6680000,0x00000000f6680000,0x00000000f6b80000)
  to   space 5120K, 0% used [0x00000000f6180000,0x00000000f6180000,0x00000000f6680000)
 ParOldGen       total 349696K, used 349695K [0x00000000e0000000, 0x00000000f5580000, 0x00000000f5580000)
  object space 349696K, 99% used [0x00000000e0000000,0x00000000f557ffb8,0x00000000f5580000)
 Metaspace       used 59103K, committed 60032K, reserved 1105920K
  class space    used 5687K, committed 6080K, reserved 1048576K
}
Event: 924.969 GC heap before
{Heap before GC invocations=798 (full 651):
 PSYoungGen      total 17408K, used 12287K [0x00000000f5580000, 0x00000000f6c80000, 0x0000000100000000)
  eden space 12288K, 99% used [0x00000000f5580000,0x00000000f617fff8,0x00000000f6180000)
  from space 5120K, 0% used [0x00000000f6680000,0x00000000f6680000,0x00000000f6b80000)
  to   space 5120K, 0% used [0x00000000f6180000,0x00000000f6180000,0x00000000f6680000)
 ParOldGen       total 349696K, used 349695K [0x00000000e0000000, 0x00000000f5580000, 0x00000000f5580000)
  object space 349696K, 99% used [0x00000000e0000000,0x00000000f557fff8,0x00000000f5580000)
 Metaspace       used 59103K, committed 60032K, reserved 1105920K
  class space    used 5687K, committed 6080K, reserved 1048576K
}
Event: 926.351 GC heap after
{Heap after GC invocations=798 (full 651):
 PSYoungGen      total 17408K, used 12287K [0x00000000f5580000, 0x00000000f6c80000, 0x0000000100000000)
  eden space 12288K, 99% used [0x00000000f5580000,0x00000000f617fff8,0x00000000f6180000)
  from space 5120K, 0% used [0x00000000f6180000,0x00000000f6180000,0x00000000f6680000)
  to   space 5120K, 0% used [0x00000000f6680000,0x00000000f6680000,0x00000000f6b80000)
 ParOldGen       total 349696K, used 349695K [0x00000000e0000000, 0x00000000f5580000, 0x00000000f5580000)
  object space 349696K, 99% used [0x00000000e0000000,0x00000000f557ff88,0x00000000f5580000)
 Metaspace       used 59103K, committed 60032K, reserved 1105920K
  class space    used 5687K, committed 6080K, reserved 1048576K
}
Event: 926.354 GC heap before
{Heap before GC invocations=799 (full 652):
 PSYoungGen      total 17408K, used 12287K [0x00000000f5580000, 0x00000000f6c80000, 0x0000000100000000)
  eden space 12288K, 99% used [0x00000000f5580000,0x00000000f617fff8,0x00000000f6180000)
  from space 5120K, 0% used [0x00000000f6180000,0x00000000f6180000,0x00000000f6680000)
  to   space 5120K, 0% used [0x00000000f6680000,0x00000000f6680000,0x00000000f6b80000)
 ParOldGen       total 349696K, used 349695K [0x00000000e0000000, 0x00000000f5580000, 0x00000000f5580000)
  object space 349696K, 99% used [0x00000000e0000000,0x00000000f557ffe8,0x00000000f5580000)
 Metaspace       used 59103K, committed 60032K, reserved 1105920K
  class space    used 5687K, committed 6080K, reserved 1048576K
}
Event: 927.781 GC heap after
{Heap after GC invocations=799 (full 652):
 PSYoungGen      total 17408K, used 12287K [0x00000000f5580000, 0x00000000f6c80000, 0x0000000100000000)
  eden space 12288K, 99% used [0x00000000f5580000,0x00000000f617ff00,0x00000000f6180000)
  from space 5120K, 0% used [0x00000000f6680000,0x00000000f6680000,0x00000000f6b80000)
  to   space 5120K, 0% used [0x00000000f6180000,0x00000000f6180000,0x00000000f6680000)
 ParOldGen       total 349696K, used 349693K [0x00000000e0000000, 0x00000000f5580000, 0x00000000f5580000)
  object space 349696K, 99% used [0x00000000e0000000,0x00000000f557f5c0,0x00000000f5580000)
 Metaspace       used 59103K, committed 60032K, reserved 1105920K
  class space    used 5687K, committed 6080K, reserved 1048576K
}
Event: 927.782 GC heap before
{Heap before GC invocations=800 (full 653):
 PSYoungGen      total 17408K, used 12288K [0x00000000f5580000, 0x00000000f6c80000, 0x0000000100000000)
  eden space 12288K, 100% used [0x00000000f5580000,0x00000000f6180000,0x00000000f6180000)
  from space 5120K, 0% used [0x00000000f6680000,0x00000000f6680000,0x00000000f6b80000)
  to   space 5120K, 0% used [0x00000000f6180000,0x00000000f6180000,0x00000000f6680000)
 ParOldGen       total 349696K, used 349693K [0x00000000e0000000, 0x00000000f5580000, 0x00000000f5580000)
  object space 349696K, 99% used [0x00000000e0000000,0x00000000f557f5c0,0x00000000f5580000)
 Metaspace       used 59103K, committed 60032K, reserved 1105920K
  class space    used 5687K, committed 6080K, reserved 1048576K
}
Event: 929.079 GC heap after
{Heap after GC invocations=800 (full 653):
 PSYoungGen      total 17408K, used 12288K [0x00000000f5580000, 0x00000000f6c80000, 0x0000000100000000)
  eden space 12288K, 100% used [0x00000000f5580000,0x00000000f6180000,0x00000000f6180000)
  from space 5120K, 0% used [0x00000000f6180000,0x00000000f6180000,0x00000000f6680000)
  to   space 5120K, 0% used [0x00000000f6680000,0x00000000f6680000,0x00000000f6b80000)
 ParOldGen       total 349696K, used 349693K [0x00000000e0000000, 0x00000000f5580000, 0x00000000f5580000)
  object space 349696K, 99% used [0x00000000e0000000,0x00000000f557f5a0,0x00000000f5580000)
 Metaspace       used 59103K, committed 60032K, reserved 1105920K
  class space    used 5687K, committed 6080K, reserved 1048576K
}
Event: 929.080 GC heap before
{Heap before GC invocations=801 (full 654):
 PSYoungGen      total 17408K, used 12288K [0x00000000f5580000, 0x00000000f6c80000, 0x0000000100000000)
  eden space 12288K, 100% used [0x00000000f5580000,0x00000000f6180000,0x00000000f6180000)
  from space 5120K, 0% used [0x00000000f6180000,0x00000000f6180000,0x00000000f6680000)
  to   space 5120K, 0% used [0x00000000f6680000,0x00000000f6680000,0x00000000f6b80000)
 ParOldGen       total 349696K, used 349695K [0x00000000e0000000, 0x00000000f5580000, 0x00000000f5580000)
  object space 349696K, 99% used [0x00000000e0000000,0x00000000f557ff48,0x00000000f5580000)
 Metaspace       used 59103K, committed 60032K, reserved 1105920K
  class space    used 5687K, committed 6080K, reserved 1048576K
}
Event: 930.472 GC heap after
{Heap after GC invocations=801 (full 654):
 PSYoungGen      total 17408K, used 12287K [0x00000000f5580000, 0x00000000f6c80000, 0x0000000100000000)
  eden space 12288K, 99% used [0x00000000f5580000,0x00000000f617fce0,0x00000000f6180000)
  from space 5120K, 0% used [0x00000000f6680000,0x00000000f6680000,0x00000000f6b80000)
  to   space 5120K, 0% used [0x00000000f6180000,0x00000000f6180000,0x00000000f6680000)
 ParOldGen       total 349696K, used 349694K [0x00000000e0000000, 0x00000000f5580000, 0x00000000f5580000)
  object space 349696K, 99% used [0x00000000e0000000,0x00000000f557f9f8,0x00000000f5580000)
 Metaspace       used 59103K, committed 60032K, reserved 1105920K
  class space    used 5687K, committed 6080K, reserved 1048576K
}
Event: 930.484 GC heap before
{Heap before GC invocations=802 (full 655):
 PSYoungGen      total 17408K, used 12288K [0x00000000f5580000, 0x00000000f6c80000, 0x0000000100000000)
  eden space 12288K, 100% used [0x00000000f5580000,0x00000000f6180000,0x00000000f6180000)
  from space 5120K, 0% used [0x00000000f6680000,0x00000000f6680000,0x00000000f6b80000)
  to   space 5120K, 0% used [0x00000000f6180000,0x00000000f6180000,0x00000000f6680000)
 ParOldGen       total 349696K, used 349694K [0x00000000e0000000, 0x00000000f5580000, 0x00000000f5580000)
  object space 349696K, 99% used [0x00000000e0000000,0x00000000f557f9f8,0x00000000f5580000)
 Metaspace       used 59103K, committed 60032K, reserved 1105920K
  class space    used 5687K, committed 6080K, reserved 1048576K
}
Event: 931.862 GC heap after
{Heap after GC invocations=802 (full 655):
 PSYoungGen      total 17408K, used 12287K [0x00000000f5580000, 0x00000000f6c80000, 0x0000000100000000)
  eden space 12288K, 99% used [0x00000000f5580000,0x00000000f617ff50,0x00000000f6180000)
  from space 5120K, 0% used [0x00000000f6180000,0x00000000f6180000,0x00000000f6680000)
  to   space 5120K, 0% used [0x00000000f6680000,0x00000000f6680000,0x00000000f6b80000)
 ParOldGen       total 349696K, used 349694K [0x00000000e0000000, 0x00000000f5580000, 0x00000000f5580000)
  object space 349696K, 99% used [0x00000000e0000000,0x00000000f557f9d8,0x00000000f5580000)
 Metaspace       used 59103K, committed 60032K, reserved 1105920K
  class space    used 5687K, committed 6080K, reserved 1048576K
}
Event: 931.862 GC heap before
{Heap before GC invocations=803 (full 656):
 PSYoungGen      total 17408K, used 12287K [0x00000000f5580000, 0x00000000f6c80000, 0x0000000100000000)
  eden space 12288K, 99% used [0x00000000f5580000,0x00000000f617ff50,0x00000000f6180000)
  from space 5120K, 0% used [0x00000000f6180000,0x00000000f6180000,0x00000000f6680000)
  to   space 5120K, 0% used [0x00000000f6680000,0x00000000f6680000,0x00000000f6b80000)
 ParOldGen       total 349696K, used 349694K [0x00000000e0000000, 0x00000000f5580000, 0x00000000f5580000)
  object space 349696K, 99% used [0x00000000e0000000,0x00000000f557f9d8,0x00000000f5580000)
 Metaspace       used 59103K, committed 60032K, reserved 1105920K
  class space    used 5687K, committed 6080K, reserved 1048576K
}
Event: 933.397 GC heap after
{Heap after GC invocations=803 (full 656):
 PSYoungGen      total 17408K, used 12287K [0x00000000f5580000, 0x00000000f6c80000, 0x0000000100000000)
  eden space 12288K, 99% used [0x00000000f5580000,0x00000000f617ff50,0x00000000f6180000)
  from space 5120K, 0% used [0x00000000f6680000,0x00000000f6680000,0x00000000f6b80000)
  to   space 5120K, 0% used [0x00000000f6180000,0x00000000f6180000,0x00000000f6680000)
 ParOldGen       total 349696K, used 349694K [0x00000000e0000000, 0x00000000f5580000, 0x00000000f5580000)
  object space 349696K, 99% used [0x00000000e0000000,0x00000000f557f9d8,0x00000000f5580000)
 Metaspace       used 59103K, committed 60032K, reserved 1105920K
  class space    used 5687K, committed 6080K, reserved 1048576K
}

Dll operation events (9 events):
Event: 0.005 Loaded shared library /nix/store/gpxl5qgg8kicmcvivwmybwjlpf7wh20l-graalvm17-ce-22.3.0/lib/libjava.so
Event: 0.012 Loaded shared library /nix/store/gpxl5qgg8kicmcvivwmybwjlpf7wh20l-graalvm17-ce-22.3.0/lib/libjsvml.so
Event: 0.243 Loaded shared library /nix/store/gpxl5qgg8kicmcvivwmybwjlpf7wh20l-graalvm17-ce-22.3.0/lib/libnio.so
Event: 0.277 Loaded shared library /nix/store/gpxl5qgg8kicmcvivwmybwjlpf7wh20l-graalvm17-ce-22.3.0/lib/libzip.so
Event: 0.289 Loaded shared library /nix/store/gpxl5qgg8kicmcvivwmybwjlpf7wh20l-graalvm17-ce-22.3.0/lib/libjvmcicompiler.so
Event: 0.769 Loaded shared library /nix/store/gpxl5qgg8kicmcvivwmybwjlpf7wh20l-graalvm17-ce-22.3.0/lib/libjimage.so
Event: 1.289 Loaded shared library /nix/store/gpxl5qgg8kicmcvivwmybwjlpf7wh20l-graalvm17-ce-22.3.0/lib/libnet.so
Event: 5.061 Loaded shared library /home/runner/.cache/jdt-language-server/config/org.eclipse.equinox.launcher/org.eclipse.equinox.launcher.gtk.linux.x86_64_1.2.400.v20211117-0650/eclipse_11600.so
Event: 14.950 Loaded shared library /nix/store/gpxl5qgg8kicmcvivwmybwjlpf7wh20l-graalvm17-ce-22.3.0/lib/libextnet.so

Deoptimization events (20 events):
Event: 206.463 Thread 0x00007f3694492b80 DEOPT PACKING pc=0x00007f36e4dcc25d sp=0x00007f36aa1fe530
Event: 206.463 Thread 0x00007f3694492b80 DEOPT UNPACKING pc=0x00007f36e3505325 sp=0x00007f36aa1fda20 mode 0
Event: 215.253 Thread 0x00007f3694492b80 DEOPT PACKING pc=0x00007f36e4dcc25d sp=0x00007f36aa1fe530
Event: 215.253 Thread 0x00007f3694492b80 DEOPT UNPACKING pc=0x00007f36e3505325 sp=0x00007f36aa1fda20 mode 0
Event: 450.381 Thread 0x00007f3694492b80 DEOPT PACKING pc=0x00007f36e4dcc25d sp=0x00007f36aa1fe530
Event: 450.381 Thread 0x00007f3694492b80 DEOPT UNPACKING pc=0x00007f36e3505325 sp=0x00007f36aa1fda20 mode 0
Event: 473.080 Thread 0x00007f36fc0b21b0 DEOPT PACKING pc=0x00007f36e3ba22f0 sp=0x00007f36e32b0ef0
Event: 473.080 Thread 0x00007f36fc0b21b0 DEOPT UNPACKING pc=0x00007f36e3505325 sp=0x00007f36e32b0458 mode 0
Event: 684.060 Thread 0x00007f368c01b150 Uncommon trap: trap_request=0xffffff8f fr.pc=0x00007f36eb10c265 relative=0x0000000000000145
Event: 684.060 Thread 0x00007f368c01b150 Uncommon trap: reason=constraint action=none pc=0x00007f36eb10c265 method=java.lang.StringBuilder.<init>(I)V @ 0 jvmci
Event: 684.060 Thread 0x00007f368c01b150 DEOPT PACKING pc=0x00007f36eb10c265 sp=0x00007f36a95fe130
Event: 684.060 Thread 0x00007f368c01b150 DEOPT UNPACKING pc=0x00007f36e3505325 sp=0x00007f36a95fd5d8 mode 3
Event: 686.680 Thread 0x00007f368c01b150 Uncommon trap: trap_request=0xffffff8f fr.pc=0x00007f36eafe91e5 relative=0x0000000000000145
Event: 686.680 Thread 0x00007f368c01b150 Uncommon trap: reason=constraint action=none pc=0x00007f36eafe91e5 method=java.lang.AbstractStringBuilder.<init>(I)V @ 0 jvmci
Event: 686.680 Thread 0x00007f368c01b150 DEOPT PACKING pc=0x00007f36eafe91e5 sp=0x00007f36a95fe0c0
Event: 686.680 Thread 0x00007f368c01b150 DEOPT UNPACKING pc=0x00007f36e3505325 sp=0x00007f36a95fd568 mode 3
Event: 914.637 Thread 0x00007f367c105cc0 Uncommon trap: trap_request=0xffffff8f fr.pc=0x00007f36eb09e401 relative=0x00000000000006c1
Event: 914.637 Thread 0x00007f367c105cc0 Uncommon trap: reason=constraint action=none pc=0x00007f36eb09e401 method=org.eclipse.jdt.core.compiler.CharOperation.splitOn(C[C)[[C @ 120 jvmci
Event: 914.637 Thread 0x00007f367c105cc0 DEOPT PACKING pc=0x00007f36eb09e401 sp=0x00007f36a91fdb20
Event: 914.637 Thread 0x00007f367c105cc0 DEOPT UNPACKING pc=0x00007f36e3505325 sp=0x00007f36a91fcfa8 mode 3

Classes unloaded (20 events):
Event: 174.139 Thread 0x00007f36fc0a1bf0 Unloading class 0x0000000800ef0400 'jdk/internal/reflect/GeneratedConstructorAccessor9'
Event: 174.139 Thread 0x00007f36fc0a1bf0 Unloading class 0x0000000800ef0000 'jdk/internal/reflect/GeneratedConstructorAccessor8'
Event: 179.603 Thread 0x00007f36fc0a1bf0 Unloading class 0x0000000800d04000 'java/lang/invoke/LambdaForm$MH+0x0000000800d04000'
Event: 188.189 Thread 0x00007f36fc0a1bf0 Unloading class 0x0000000801089400 'jdk/internal/reflect/GeneratedSerializationConstructorAccessor4'
Event: 188.189 Thread 0x00007f36fc0a1bf0 Unloading class 0x0000000801089000 'jdk/internal/reflect/GeneratedSerializationConstructorAccessor3'
Event: 188.189 Thread 0x00007f36fc0a1bf0 Unloading class 0x0000000801088c00 'jdk/internal/reflect/GeneratedSerializationConstructorAccessor2'
Event: 188.189 Thread 0x00007f36fc0a1bf0 Unloading class 0x0000000801088800 'jdk/internal/reflect/GeneratedSerializationConstructorAccessor1'
Event: 200.046 Thread 0x00007f36fc0a1bf0 Unloading class 0x000000080104b400 'java/lang/invoke/LambdaForm$MH+0x000000080104b400'
Event: 200.046 Thread 0x00007f36fc0a1bf0 Unloading class 0x000000080104b000 'java/lang/invoke/LambdaForm$MH+0x000000080104b000'
Event: 200.046 Thread 0x00007f36fc0a1bf0 Unloading class 0x000000080104ac00 'java/lang/invoke/LambdaForm$MH+0x000000080104ac00'
Event: 200.046 Thread 0x00007f36fc0a1bf0 Unloading class 0x000000080104a800 'java/lang/invoke/LambdaForm$MH+0x000000080104a800'
Event: 200.046 Thread 0x00007f36fc0a1bf0 Unloading class 0x000000080104a400 'java/lang/invoke/LambdaForm$MH+0x000000080104a400'
Event: 200.046 Thread 0x00007f36fc0a1bf0 Unloading class 0x000000080104a000 'java/lang/invoke/LambdaForm$MH+0x000000080104a000'
Event: 200.046 Thread 0x00007f36fc0a1bf0 Unloading class 0x0000000800d98400 'java/lang/invoke/LambdaForm$MH+0x0000000800d98400'
Event: 252.942 Thread 0x00007f36fc0a1bf0 Unloading class 0x0000000801218000 'jdk/internal/reflect/GeneratedConstructorAccessor39'
Event: 261.841 Thread 0x00007f36fc0a1bf0 Unloading class 0x000000080120a400 'jdk/internal/reflect/GeneratedConstructorAccessor38'
Event: 261.841 Thread 0x00007f36fc0a1bf0 Unloading class 0x000000080120a000 'jdk/internal/reflect/GeneratedConstructorAccessor37'
Event: 261.841 Thread 0x00007f36fc0a1bf0 Unloading class 0x0000000801209c00 'jdk/internal/reflect/GeneratedConstructorAccessor36'
Event: 261.841 Thread 0x00007f36fc0a1bf0 Unloading class 0x0000000801209800 'jdk/internal/reflect/GeneratedConstructorAccessor35'
Event: 261.841 Thread 0x00007f36fc0a1bf0 Unloading class 0x0000000801209400 'jdk/internal/reflect/GeneratedConstructorAccessor34'

Classes redefined (0 events):
No events

Internal exceptions (20 events):
Event: 98.037 Thread 0x00007f367c105cc0 Exception <a 'sun/nio/fs/UnixException'{0x00000000f6178de8}> (0x00000000f6178de8) 
thrown [src/hotspot/share/prims/jni.cpp, line 516]
Event: 101.961 Thread 0x00007f367c105cc0 Exception <a 'java/lang/ArrayIndexOutOfBoundsException'{0x00000000f6154040}> (0x00000000f6154040) 
thrown [src/hotspot/share/runtime/sharedRuntime.cpp, line 628]
Event: 167.480 Thread 0x00007f367c105cc0 Exception <a 'java/lang/ArrayIndexOutOfBoundsException'{0x00000000f6141258}> (0x00000000f6141258) 
thrown [src/hotspot/share/runtime/sharedRuntime.cpp, line 628]
Event: 180.373 Thread 0x00007f367c105cc0 Exception <a 'java/lang/ArrayIndexOutOfBoundsException'{0x00000000f612e9c0}> (0x00000000f612e9c0) 
thrown [src/hotspot/share/runtime/sharedRuntime.cpp, line 628]
Event: 191.781 Thread 0x00007f3684007280 Exception <a 'java/lang/ArrayIndexOutOfBoundsException'{0x00000000f6167248}> (0x00000000f6167248) 
thrown [src/hotspot/share/runtime/sharedRuntime.cpp, line 628]
Event: 196.059 Thread 0x00007f36fc398440 Exception <a 'java/lang/ArrayIndexOutOfBoundsException'{0x00000000f616f028}> (0x00000000f616f028) 
thrown [src/hotspot/share/runtime/sharedRuntime.cpp, line 628]
Event: 198.986 Thread 0x00007f36fc398440 Exception <a 'java/lang/ArrayIndexOutOfBoundsException'{0x00000000f6138510}> (0x00000000f6138510) 
thrown [src/hotspot/share/runtime/sharedRuntime.cpp, line 628]
Event: 200.737 Thread 0x00007f367c105cc0 Exception <a 'java/lang/ArrayIndexOutOfBoundsException'{0x00000000f615db08}> (0x00000000f615db08) 
thrown [src/hotspot/share/runtime/sharedRuntime.cpp, line 628]
Event: 341.842 Thread 0x00007f367c105cc0 Exception <a 'java/lang/ArrayIndexOutOfBoundsException'{0x00000000f5569760}> (0x00000000f5569760) 
thrown [src/hotspot/share/runtime/sharedRuntime.cpp, line 628]
Event: 684.060 Thread 0x00007f368c01b150 Exception <a 'java/lang/OutOfMemoryError'{0x00000000e0004d58}> (0x00000000e0004d58) 
thrown [src/hotspot/share/gc/shared/memAllocator.cpp, line 138]
Event: 684.060 Thread 0x00007f368c01b150 Implicit null exception at 0x00007f36eb10c237 to 0x00007f36eb10c24a
Event: 686.680 Thread 0x00007f368c01b150 Exception <a 'java/lang/OutOfMemoryError'{0x00000000e00047b8}> (0x00000000e00047b8) 
thrown [src/hotspot/share/gc/shared/memAllocator.cpp, line 138]
Event: 686.680 Thread 0x00007f368c01b150 Implicit null exception at 0x00007f36eafe91b7 to 0x00007f36eafe91ca
Event: 699.367 Thread 0x00007f368c01b150 Exception <a 'java/lang/OutOfMemoryError'{0x00000000e0004538}> (0x00000000e0004538) 
thrown [src/hotspot/share/gc/shared/memAllocator.cpp, line 136]
Event: 848.553 Thread 0x00007f368c01b150 Exception <a 'java/lang/OutOfMemoryError'{0x00000000e0004538}> (0x00000000e0004538) 
thrown [src/hotspot/share/gc/shared/memAllocator.cpp, line 136]
Event: 854.126 Thread 0x00007f368c01b150 Exception <a 'java/lang/OutOfMemoryError'{0x00000000e0004538}> (0x00000000e0004538) 
thrown [src/hotspot/share/gc/shared/memAllocator.cpp, line 136]
Event: 914.637 Thread 0x00007f367c105cc0 Exception <a 'java/lang/OutOfMemoryError'{0x00000000e0004218}> (0x00000000e0004218) 
thrown [src/hotspot/share/gc/shared/memAllocator.cpp, line 138]
Event: 914.637 Thread 0x00007f367c105cc0 Implicit null exception at 0x00007f36eb09e251 to 0x00007f36eb09e3e6
Event: 917.244 Thread 0x00007f367c105cc0 Exception <a 'java/lang/OutOfMemoryError'{0x00000000e0004538}> (0x00000000e0004538) 
thrown [src/hotspot/share/gc/shared/memAllocator.cpp, line 136]
Event: 933.397 Thread 0x00007f36fc0b21b0 Exception <a 'java/lang/OutOfMemoryError'{0x00000000e0004538}> (0x00000000e0004538) 
thrown [src/hotspot/share/gc/shared/memAllocator.cpp, line 136]

VM Operations (20 events):
Event: 918.548 Executing VM operation: ParallelGCFailedAllocation
Event: 919.871 Executing VM operation: ParallelGCFailedAllocation done
Event: 919.871 Executing VM operation: ParallelGCFailedAllocation
Event: 921.074 Executing VM operation: ParallelGCFailedAllocation done
Event: 921.074 Executing VM operation: ParallelGCFailedAllocation
Event: 922.375 Executing VM operation: ParallelGCFailedAllocation done
Event: 922.376 Executing VM operation: ParallelGCFailedAllocation
Event: 923.668 Executing VM operation: ParallelGCFailedAllocation done
Event: 923.668 Executing VM operation: ParallelGCFailedAllocation
Event: 924.969 Executing VM operation: ParallelGCFailedAllocation done
Event: 924.969 Executing VM operation: ParallelGCFailedAllocation
Event: 926.351 Executing VM operation: ParallelGCFailedAllocation done
Event: 926.353 Executing VM operation: ParallelGCFailedAllocation
Event: 927.781 Executing VM operation: ParallelGCFailedAllocation done
Event: 927.781 Executing VM operation: ParallelGCFailedAllocation
Event: 929.080 Executing VM operation: ParallelGCFailedAllocation done
Event: 929.080 Executing VM operation: ParallelGCFailedAllocation
Event: 930.484 Executing VM operation: ParallelGCFailedAllocation done
Event: 930.484 Executing VM operation: ParallelGCFailedAllocation
Event: 933.397 Executing VM operation: ParallelGCFailedAllocation done

Events (20 events):
Event: 283.874 Thread 0x00007f36fc0b4720 flushing nmethod 0x00007f36e4c2dd10
Event: 283.875 Thread 0x00007f36fc0b4720 flushing nmethod 0x00007f36e4d29b90
Event: 283.875 Thread 0x00007f36fc0b4720 flushing nmethod 0x00007f36e4d36590
Event: 283.875 Thread 0x00007f36fc0b4720 flushing nmethod 0x00007f36e4d3d390
Event: 283.875 Thread 0x00007f36fc0b4720 flushing nmethod 0x00007f36e4d62a10
Event: 283.875 Thread 0x00007f36fc0b4720 flushing nmethod 0x00007f36e4d6da10
Event: 283.876 Thread 0x00007f36fc0b4720 flushing nmethod 0x00007f36e4d90210
Event: 283.876 Thread 0x00007f36fc0b4720 flushing nmethod 0x00007f36e4d90990
Event: 283.876 Thread 0x00007f36fc0b4720 flushing nmethod 0x00007f36e4d92b90
Event: 283.876 Thread 0x00007f36fc0b4720 flushing nmethod 0x00007f36e4d98790
Event: 283.876 Thread 0x00007f36fc0b4720 flushing nmethod 0x00007f36e4dbd190
Event: 283.876 Thread 0x00007f36fc0b4720 flushing nmethod 0x00007f36e4dbf790
Event: 283.876 Thread 0x00007f36fc0b4720 flushing nmethod 0x00007f36e4dc3990
Event: 319.186 Thread 0x00007f368c02e1f0 Thread added: 0x00007f368c02e1f0
Event: 319.186 Protecting memory [0x00007f36aa500000,0x00007f36aa504000] with protection modes 0
Event: 703.004 loading class java/lang/AssertionError
Event: 703.004 loading class java/lang/AssertionError done
Event: 866.080 loading class java/lang/Throwable$WrappedPrintStream
Event: 876.503 loading class java/lang/Throwable$WrappedPrintStream done
Event: 926.352 Thread 0x00007f368c01b150 Thread exited: 0x00007f368c01b150


Dynamic libraries:
e0000000-f5580000 rw-p 00000000 00:00 0 
f5580000-f6c80000 rw-p 00000000 00:00 0 
f6c80000-100000000 ---p 00000000 00:00 0 
800000000-800449000 rw-p 00001000 00:1839 4611686019135357769            /nix/store/gpxl5qgg8kicmcvivwmybwjlpf7wh20l-graalvm17-ce-22.3.0/lib/server/classes.jsa
800449000-800bc8000 r--p 0044a000 00:1839 4611686019135357769            /nix/store/gpxl5qgg8kicmcvivwmybwjlpf7wh20l-graalvm17-ce-22.3.0/lib/server/classes.jsa
800bc8000-800c00000 ---p 00000000 00:00 0 
800c00000-800c20000 rw-p 00000000 00:00 0 
800c20000-800c40000 rw-p 00000000 00:00 0 
800c40000-800cc0000 rw-p 00000000 00:00 0 
800cc0000-800d00000 rw-p 00000000 00:00 0 
800d00000-800dc0000 rw-p 00000000 00:00 0 
800dc0000-800e00000 rw-p 00000000 00:00 0 
800e00000-800f40000 rw-p 00000000 00:00 0 
800f40000-800fc0000 rw-p 00000000 00:00 0 
800fc0000-801000000 rw-p 00000000 00:00 0 
801000000-8011c0000 rw-p 00000000 00:00 0 
8011c0000-8011d0000 rw-p 00000000 00:00 0 
8011d0000-801200000 ---p 00000000 00:00 0 
801200000-801220000 rw-p 00000000 00:00 0 
801220000-840c00000 ---p 00000000 00:00 0 
560520254000-560520255000 r-xp 00000000 00:1839 4611686019099417844      /nix/store/gpxl5qgg8kicmcvivwmybwjlpf7wh20l-graalvm17-ce-22.3.0/bin/.java-wrapped
560520256000-560520257000 r--p 00001000 00:1839 4611686019099417844      /nix/store/gpxl5qgg8kicmcvivwmybwjlpf7wh20l-graalvm17-ce-22.3.0/bin/.java-wrapped
560520257000-560520258000 rw-p 00002000 00:1839 4611686019099417844      /nix/store/gpxl5qgg8kicmcvivwmybwjlpf7wh20l-graalvm17-ce-22.3.0/bin/.java-wrapped
560520258000-560520259000 rw-p 00004000 00:1839 4611686019099417844      /nix/store/gpxl5qgg8kicmcvivwmybwjlpf7wh20l-graalvm17-ce-22.3.0/bin/.java-wrapped
560520259000-56052025a000 rw-p 00005000 00:1839 4611686019099417844      /nix/store/gpxl5qgg8kicmcvivwmybwjlpf7wh20l-graalvm17-ce-22.3.0/bin/.java-wrapped
5605203ba000-560520402000 rw-p 00000000 00:00 0                          [heap]
7f3640000000-7f3640071000 rw-p 00000000 00:00 0 
7f3640071000-7f3644000000 ---p 00000000 00:00 0 
7f3644000000-7f3644021000 rw-p 00000000 00:00 0 
7f3644021000-7f3648000000 ---p 00000000 00:00 0 
7f3648000000-7f3648021000 rw-p 00000000 00:00 0 
7f3648021000-7f364c000000 ---p 00000000 00:00 0 
7f364c000000-7f364c0bb000 rw-p 00000000 00:00 0 
7f364c0bb000-7f3650000000 ---p 00000000 00:00 0 
7f3650000000-7f3650021000 rw-p 00000000 00:00 0 
7f3650021000-7f3654000000 ---p 00000000 00:00 0 
7f3654600000-7f3654700000 ---p 00000000 00:00 0 
7f3654700000-7f3654caf000 r--p 01122000 00:1839 4611686019135190040      /nix/store/gpxl5qgg8kicmcvivwmybwjlpf7wh20l-graalvm17-ce-22.3.0/lib/libjvmcicompiler.so
7f3654caf000-7f3654e00000 r--p 00000000 00:00 0 
7f3654e00000-7f3654e3d000 rw-p 00000000 00:00 0 
7f3654e3d000-7f365535d000 rw-p 0185f000 00:1839 4611686019135190040      /nix/store/gpxl5qgg8kicmcvivwmybwjlpf7wh20l-graalvm17-ce-22.3.0/lib/libjvmcicompiler.so
7f365535d000-7f3655744000 r--p 01d7f000 00:1839 4611686019135190040      /nix/store/gpxl5qgg8kicmcvivwmybwjlpf7wh20l-graalvm17-ce-22.3.0/lib/libjvmcicompiler.so
7f3655800000-7f3655db0000 rw-p 00000000 00:00 0 
7f3655db0000-7f3656000000 ---p 00000000 00:00 0 
7f36564b3000-7f3660000000 r--s 00000000 00:1839 4611686019135192581      /nix/store/gpxl5qgg8kicmcvivwmybwjlpf7wh20l-graalvm17-ce-22.3.0/lib/modules
7f3660000000-7f36600df000 rw-p 00000000 00:00 0 
7f36600df000-7f3664000000 ---p 00000000 00:00 0 
7f3664000000-7f366415f000 rw-p 00000000 00:00 0 
7f366415f000-7f3668000000 ---p 00000000 00:00 0 
7f3668000000-7f3668021000 rw-p 00000000 00:00 0 
7f3668021000-7f366c000000 ---p 00000000 00:00 0 
7f366c000000-7f366c1c7000 rw-p 00000000 00:00 0 
7f366c1c7000-7f3670000000 ---p 00000000 00:00 0 
7f3670000000-7f3670096000 rw-p 00000000 00:00 0 
7f3670096000-7f3674000000 ---p 00000000 00:00 0 
7f3674000000-7f3674021000 rw-p 00000000 00:00 0 
7f3674021000-7f3678000000 ---p 00000000 00:00 0 
7f3678000000-7f3678080000 rw-p 00000000 00:00 0 
7f3678080000-7f367c000000 ---p 00000000 00:00 0 
7f367c000000-7f367c127000 rw-p 00000000 00:00 0 
7f367c127000-7f3680000000 ---p 00000000 00:00 0 
7f3680000000-7f3680021000 rw-p 00000000 00:00 0 
7f3680021000-7f3684000000 ---p 00000000 00:00 0 
7f3684000000-7f36842f7000 rw-p 00000000 00:00 0 
7f36842f7000-7f3688000000 ---p 00000000 00:00 0 
7f3688000000-7f3688021000 rw-p 00000000 00:00 0 
7f3688021000-7f368c000000 ---p 00000000 00:00 0 
7f368c000000-7f368c042000 rw-p 00000000 00:00 0 
7f368c042000-7f3690000000 ---p 00000000 00:00 0 
7f3690000000-7f3690025000 rw-p 00000000 00:00 0 
7f3690025000-7f3694000000 ---p 00000000 00:00 0 
7f3694000000-7f36948cd000 rw-p 00000000 00:00 0 
7f36948cd000-7f3698000000 ---p 00000000 00:00 0 
7f3698400000-7f3698700000 rw-p 00000000 00:00 0 
7f3698700000-7f36987e0000 rw-p 00000000 00:00 0 
7f36987e0000-7f3698800000 ---p 00000000 00:00 0 
7f3698800000-7f3698c00000 rw-p 00000000 00:00 0 
7f3698c00000-7f3698d00000 rw-p 00000000 00:00 0 
7f3698d00000-7f3698e00000 rw-p 00000000 00:00 0 
7f3698e00000-7f3699400000 rw-p 00000000 00:00 0 
7f3699400000-7f36994c0000 rw-p 00000000 00:00 0 
7f36994c0000-7f3699500000 rw-p 00000000 00:00 0 
7f3699500000-7f3699700000 rw-p 00000000 00:00 0 
7f3699700000-7f3699900000 rw-p 00000000 00:00 0 
7f3699900000-7f3699b00000 rw-p 00000000 00:00 0 
7f3699b00000-7f3699b20000 rw-p 00000000 00:00 0 
7f3699b20000-7f3699c00000 ---p 00000000 00:00 0 
7f369a000000-7f369a100000 rw-p 00000000 00:00 0 
7f369a100000-7f369a200000 rw-p 00000000 00:00 0 
7f369a200000-7f369a800000 rw-p 00000000 00:00 0 
7f369a800000-7f369a900000 rw-p 00000000 00:00 0 
7f369a900000-7f369aa00000 rw-p 00000000 00:00 0 
7f369aa00000-7f369ad00000 rw-p 00000000 00:00 0 
7f369ad00000-7f369ae00000 rw-p 00000000 00:00 0 
7f369ae00000-7f369b000000 rw-p 00000000 00:00 0 
7f369b000000-7f369b010000 r-xp 00000000 00:1830 353                      /home/runner/.cache/jdt-language-server/config/org.eclipse.equinox.launcher/org.eclipse.equinox.launcher.gtk.linux.x86_64_1.2.400.v20211117-0650/eclipse_11600.so
7f369b010000-7f369b20f000 ---p 00010000 00:1830 353                      /home/runner/.cache/jdt-language-server/config/org.eclipse.equinox.launcher/org.eclipse.equinox.launcher.gtk.linux.x86_64_1.2.400.v20211117-0650/eclipse_11600.so
7f369b20f000-7f369b210000 r--p 0000f000 00:1830 353                      /home/runner/.cache/jdt-language-server/config/org.eclipse.equinox.launcher/org.eclipse.equinox.launcher.gtk.linux.x86_64_1.2.400.v20211117-0650/eclipse_11600.so
7f369b210000-7f369b211000 rw-p 00010000 00:1830 353                      /home/runner/.cache/jdt-language-server/config/org.eclipse.equinox.launcher/org.eclipse.equinox.launcher.gtk.linux.x86_64_1.2.400.v20211117-0650/eclipse_11600.so
7f369c000000-7f369c021000 rw-p 00000000 00:00 0 
7f369c021000-7f36a0000000 ---p 00000000 00:00 0 
7f36a0000000-7f36a0021000 rw-p 00000000 00:00 0 
7f36a0021000-7f36a4000000 ---p 00000000 00:00 0 
7f36a4000000-7f36a4025000 rw-p 00000000 00:00 0 
7f36a4025000-7f36a8000000 ---p 00000000 00:00 0 
7f36a9100000-7f36a9104000 ---p 00000000 00:00 0 
7f36a9104000-7f36a9200000 rw-p 00000000 00:00 0 
7f36a9300000-7f36a9304000 ---p 00000000 00:00 0 
7f36a9304000-7f36a9400000 rw-p 00000000 00:00 0 
7f36a9500000-7f36a9504000 ---p 00000000 00:00 0 
7f36a9504000-7f36a9600000 rw-p 00000000 00:00 0 
7f36a9700000-7f36a9704000 ---p 00000000 00:00 0 
7f36a9704000-7f36a9800000 rw-p 00000000 00:00 0 
7f36a9900000-7f36a9904000 ---p 00000000 00:00 0 
7f36a9904000-7f36a9a00000 rw-p 00000000 00:00 0 
7f36a9b00000-7f36a9b04000 ---p 00000000 00:00 0 
7f36a9b04000-7f36a9c00000 rw-p 00000000 00:00 0 
7f36a9d00000-7f36a9d04000 ---p 00000000 00:00 0 
7f36a9d04000-7f36a9e00000 rw-p 00000000 00:00 0 
7f36a9e00000-7f36a9e04000 ---p 00000000 00:00 0 
7f36a9e04000-7f36a9f00000 rw-p 00000000 00:00 0 
7f36a9f00000-7f36a9f04000 ---p 00000000 00:00 0 
7f36a9f04000-7f36aa000000 rw-p 00000000 00:00 0 
7f36aa100000-7f36aa104000 ---p 00000000 00:00 0 
7f36aa104000-7f36aa200000 rw-p 00000000 00:00 0 
7f36aa300000-7f36aa304000 ---p 00000000 00:00 0 
7f36aa304000-7f36aa400000 rw-p 00000000 00:00 0 
7f36aa500000-7f36aa504000 ---p 00000000 00:00 0 
7f36aa504000-7f36aa600000 rw-p 00000000 00:00 0 
7f36aa700000-7f36aa704000 ---p 00000000 00:00 0 
7f36aa704000-7f36aa800000 rw-p 00000000 00:00 0 
7f36aa900000-7f36aa904000 ---p 00000000 00:00 0 
7f36aa904000-7f36aaa00000 rw-p 00000000 00:00 0 
7f36aaa00000-7f36aaa04000 ---p 00000000 00:00 0 
7f36aaa04000-7f36aab00000 rw-p 00000000 00:00 0 
7f36aab00000-7f36aab04000 ---p 00000000 00:00 0 
7f36aab04000-7f36aac00000 rw-p 00000000 00:00 0 
7f36aad00000-7f36aad04000 ---p 00000000 00:00 0 
7f36aad04000-7f36aae00000 rw-p 00000000 00:00 0 
7f36aba68000-7f36abf00000 rw-p 00000000 00:00 0 
7f36ac000000-7f36ac021000 rw-p 00000000 00:00 0 
7f36ac021000-7f36b0000000 ---p 00000000 00:00 0 
7f36b0000000-7f36b0021000 rw-p 00000000 00:00 0 
7f36b0021000-7f36b4000000 ---p 00000000 00:00 0 
7f36b4000000-7f36b4021000 rw-p 00000000 00:00 0 
7f36b4021000-7f36b8000000 ---p 00000000 00:00 0 
7f36b8000000-7f36b8021000 rw-p 00000000 00:00 0 
7f36b8021000-7f36bc000000 ---p 00000000 00:00 0 
7f36bc000000-7f36bc104000 rw-p 00000000 00:00 0 
7f36bc104000-7f36c0000000 ---p 00000000 00:00 0 
7f36c0000000-7f36c0b0f000 rw-p 00000000 00:00 0 
7f36c0b0f000-7f36c4000000 ---p 00000000 00:00 0 
7f36c4000000-7f36c4021000 rw-p 00000000 00:00 0 
7f36c4021000-7f36c8000000 ---p 00000000 00:00 0 
7f36c8000000-7f36c8021000 rw-p 00000000 00:00 0 
7f36c8021000-7f36cc000000 ---p 00000000 00:00 0 
7f36cc000000-7f36cc021000 rw-p 00000000 00:00 0 
7f36cc021000-7f36d0000000 ---p 00000000 00:00 0 
7f36d0000000-7f36d0021000 rw-p 00000000 00:00 0 
7f36d0021000-7f36d4000000 ---p 00000000 00:00 0 
7f36d4000000-7f36d4021000 rw-p 00000000 00:00 0 
7f36d4021000-7f36d8000000 ---p 00000000 00:00 0 
7f36d8000000-7f36d8021000 rw-p 00000000 00:00 0 
7f36d8021000-7f36dc000000 ---p 00000000 00:00 0 
7f36dc000000-7f36dc100000 rw-p 00000000 00:00 0 
7f36dc100000-7f36e0000000 ---p 00000000 00:00 0 
7f36e0100000-7f36e0104000 ---p 00000000 00:00 0 
7f36e0104000-7f36e0200000 rw-p 00000000 00:00 0 
7f36e0300000-7f36e0304000 ---p 00000000 00:00 0 
7f36e0304000-7f36e0400000 rw-p 00000000 00:00 0 
7f36e0500000-7f36e0504000 ---p 00000000 00:00 0 
7f36e0504000-7f36e0600000 rw-p 00000000 00:00 0 
7f36e0600000-7f36e276a000 r-xp 00000000 00:1839 4611686019135190040      /nix/store/gpxl5qgg8kicmcvivwmybwjlpf7wh20l-graalvm17-ce-22.3.0/lib/libjvmcicompiler.so
7f36e276a000-7f36e2969000 ---p 0216a000 00:1839 4611686019135190040      /nix/store/gpxl5qgg8kicmcvivwmybwjlpf7wh20l-graalvm17-ce-22.3.0/lib/libjvmcicompiler.so
7f36e2969000-7f36e296a000 r--p 02169000 00:1839 4611686019135190040      /nix/store/gpxl5qgg8kicmcvivwmybwjlpf7wh20l-graalvm17-ce-22.3.0/lib/libjvmcicompiler.so
7f36e296a000-7f36e296c000 rw-p 0216a000 00:1839 4611686019135190040      /nix/store/gpxl5qgg8kicmcvivwmybwjlpf7wh20l-graalvm17-ce-22.3.0/lib/libjvmcicompiler.so
7f36e296c000-7f36e296d000 rw-p 00000000 00:00 0 
7f36e296d000-7f36e2972000 rw-p 023c3000 00:1839 4611686019135190040      /nix/store/gpxl5qgg8kicmcvivwmybwjlpf7wh20l-graalvm17-ce-22.3.0/lib/libjvmcicompiler.so
7f36e29b1000-7f36e29b5000 ---p 00000000 00:00 0 
7f36e29b5000-7f36e2ab1000 rw-p 00000000 00:00 0 
7f36e2ab1000-7f36e2ab2000 ---p 00000000 00:00 0 
7f36e2ab2000-7f36e2bb3000 rw-p 00000000 00:00 0 
7f36e2bb3000-7f36e2bb7000 ---p 00000000 00:00 0 
7f36e2bb7000-7f36e2cb3000 rw-p 00000000 00:00 0 
7f36e2cb3000-7f36e2cb7000 ---p 00000000 00:00 0 
7f36e2cb7000-7f36e2db3000 rw-p 00000000 00:00 0 
7f36e2db3000-7f36e2db7000 ---p 00000000 00:00 0 
7f36e2db7000-7f36e2eb3000 rw-p 00000000 00:00 0 
7f36e2eb3000-7f36e2eb7000 ---p 00000000 00:00 0 
7f36e2eb7000-7f36e30b3000 rw-p 00000000 00:00 0 
7f36e30b3000-7f36e30b7000 ---p 00000000 00:00 0 
7f36e30b7000-7f36e32b3000 rw-p 00000000 00:00 0 
7f36e32b3000-7f36e32b7000 ---p 00000000 00:00 0 
7f36e32b7000-7f36e33b3000 rw-p 00000000 00:00 0 
7f36e33b3000-7f36e33b7000 ---p 00000000 00:00 0 
7f36e33b7000-7f36e34b3000 rw-p 00000000 00:00 0 
7f36e34b3000-7f36e3723000 rwxp 00000000 00:00 0 
7f36e3723000-7f36e3a42000 ---p 00000000 00:00 0 
7f36e3a42000-7f36e4e12000 rwxp 00000000 00:00 0 
7f36e4e12000-7f36eaf7a000 ---p 00000000 00:00 0 
7f36eaf7a000-7f36eb22a000 rwxp 00000000 00:00 0 
7f36eb22a000-7f36f24b3000 ---p 00000000 00:00 0 
7f36f24b3000-7f36fc000000 r--s 00000000 00:1839 4611686019135192581      /nix/store/gpxl5qgg8kicmcvivwmybwjlpf7wh20l-graalvm17-ce-22.3.0/lib/modules
7f36fc000000-7f36fc622000 rw-p 00000000 00:00 0 
7f36fc622000-7f3700000000 ---p 00000000 00:00 0 
7f3700026000-7f370002a000 ---p 00000000 00:00 0 
7f370002a000-7f3700048000 rw-p 00000000 00:00 0 
7f3700048000-7f370004c000 ---p 00000000 00:00 0 
7f370004c000-7f3700148000 rw-p 00000000 00:00 0 
7f3700148000-7f370042e000 r--p 00000000 00:14b3 28444448                 /usr/lib/locale/locale-archive
7f370042e000-7f3700432000 ---p 00000000 00:00 0 
7f3700432000-7f370052e000 rw-p 00000000 00:00 0 
7f370052e000-7f3700532000 ---p 00000000 00:00 0 
7f3700532000-7f370062e000 rw-p 00000000 00:00 0 
7f370062e000-7f370062f000 ---p 00000000 00:00 0 
7f370062f000-7f3700730000 rw-p 00000000 00:00 0 
7f3700730000-7f37007fe000 r-xp 00000000 00:1839 4611686019135190036      /nix/store/gpxl5qgg8kicmcvivwmybwjlpf7wh20l-graalvm17-ce-22.3.0/lib/libjsvml.so
7f37007fe000-7f37007ff000 r--p 000cd000 00:1839 4611686019135190036      /nix/store/gpxl5qgg8kicmcvivwmybwjlpf7wh20l-graalvm17-ce-22.3.0/lib/libjsvml.so
7f37007ff000-7f3700800000 rw-p 000ce000 00:1839 4611686019135190036      /nix/store/gpxl5qgg8kicmcvivwmybwjlpf7wh20l-graalvm17-ce-22.3.0/lib/libjsvml.so
7f3700800000-7f3700c00000 rw-p 00000000 00:00 0 
7f3700c00000-7f3700f00000 rw-p 00000000 00:00 0 
7f3700f00000-7f3701000000 rw-p 00000000 00:00 0 
7f370100c000-7f370100e000 r-xp 00000000 00:1839 4611686019135190017      /nix/store/gpxl5qgg8kicmcvivwmybwjlpf7wh20l-graalvm17-ce-22.3.0/lib/libextnet.so
7f370100e000-7f370100f000 r--p 00001000 00:1839 4611686019135190017      /nix/store/gpxl5qgg8kicmcvivwmybwjlpf7wh20l-graalvm17-ce-22.3.0/lib/libextnet.so
7f370100f000-7f3701010000 rw-p 00002000 00:1839 4611686019135190017      /nix/store/gpxl5qgg8kicmcvivwmybwjlpf7wh20l-graalvm17-ce-22.3.0/lib/libextnet.so
7f3701010000-7f3701011000 rw-p 00004000 00:1839 4611686019135190017      /nix/store/gpxl5qgg8kicmcvivwmybwjlpf7wh20l-graalvm17-ce-22.3.0/lib/libextnet.so
7f3701011000-7f3701018000 r-xp 00000000 00:1839 4611686019135192580      /nix/store/gpxl5qgg8kicmcvivwmybwjlpf7wh20l-graalvm17-ce-22.3.0/lib/libzip.so
7f3701018000-7f3701019000 ---p 00007000 00:1839 4611686019135192580      /nix/store/gpxl5qgg8kicmcvivwmybwjlpf7wh20l-graalvm17-ce-22.3.0/lib/libzip.so
7f3701019000-7f370101a000 r--p 00007000 00:1839 4611686019135192580      /nix/store/gpxl5qgg8kicmcvivwmybwjlpf7wh20l-graalvm17-ce-22.3.0/lib/libzip.so
7f370101a000-7f370101b000 rw-p 00008000 00:1839 4611686019135192580      /nix/store/gpxl5qgg8kicmcvivwmybwjlpf7wh20l-graalvm17-ce-22.3.0/lib/libzip.so
7f370101b000-7f370101d000 rw-p 0000b000 00:1839 4611686019135192580      /nix/store/gpxl5qgg8kicmcvivwmybwjlpf7wh20l-graalvm17-ce-22.3.0/lib/libzip.so
7f370101d000-7f3701032000 r-xp 00000000 00:1839 4611686019135192570      /nix/store/gpxl5qgg8kicmcvivwmybwjlpf7wh20l-graalvm17-ce-22.3.0/lib/libnet.so
7f3701032000-7f3701033000 ---p 00015000 00:1839 4611686019135192570      /nix/store/gpxl5qgg8kicmcvivwmybwjlpf7wh20l-graalvm17-ce-22.3.0/lib/libnet.so
7f3701033000-7f3701034000 r--p 00015000 00:1839 4611686019135192570      /nix/store/gpxl5qgg8kicmcvivwmybwjlpf7wh20l-graalvm17-ce-22.3.0/lib/libnet.so
7f3701034000-7f3701035000 rw-p 00016000 00:1839 4611686019135192570      /nix/store/gpxl5qgg8kicmcvivwmybwjlpf7wh20l-graalvm17-ce-22.3.0/lib/libnet.so
7f3701035000-7f3701038000 rw-p 0001b000 00:1839 4611686019135192570      /nix/store/gpxl5qgg8kicmcvivwmybwjlpf7wh20l-graalvm17-ce-22.3.0/lib/libnet.so
7f3701038000-7f370104b000 r-xp 00000000 00:1839 4611686019135192571      /nix/store/gpxl5qgg8kicmcvivwmybwjlpf7wh20l-graalvm17-ce-22.3.0/lib/libnio.so
7f370104b000-7f370104c000 r--p 00012000 00:1839 4611686019135192571      /nix/store/gpxl5qgg8kicmcvivwmybwjlpf7wh20l-graalvm17-ce-22.3.0/lib/libnio.so
7f370104c000-7f370104d000 rw-p 00013000 00:1839 4611686019135192571      /nix/store/gpxl5qgg8kicmcvivwmybwjlpf7wh20l-graalvm17-ce-22.3.0/lib/libnio.so
7f370104d000-7f3701052000 rw-p 00019000 00:1839 4611686019135192571      /nix/store/gpxl5qgg8kicmcvivwmybwjlpf7wh20l-graalvm17-ce-22.3.0/lib/libnio.so
7f3701052000-7f370292a000 rw-p 00000000 00:00 0 
7f370292a000-7f370292b000 ---p 00000000 00:00 0 
7f370292b000-7f3702ad6000 rw-p 00000000 00:00 0 
7f3702ad6000-7f3702ae3000 rw-p 00000000 00:00 0 
7f3702ae3000-7f3702b2c000 ---p 00000000 00:00 0 
7f3702b2c000-7f3702b33000 rw-p 00000000 00:00 0 
7f3702b33000-7f3702c18000 ---p 00000000 00:00 0 
7f3702c18000-7f3702c40000 rw-p 00000000 00:00 0 
7f3702c40000-7f3702d03000 ---p 00000000 00:00 0 
7f3702d03000-7f3702d08000 rw-p 00000000 00:00 0 
7f3702d08000-7f3702d0f000 ---p 00000000 00:00 0 
7f3702d0f000-7f3702d33000 r-xp 00000000 00:1839 4611686019135190028      /nix/store/gpxl5qgg8kicmcvivwmybwjlpf7wh20l-graalvm17-ce-22.3.0/lib/libjava.so
7f3702d33000-7f3702d34000 ---p 00024000 00:1839 4611686019135190028      /nix/store/gpxl5qgg8kicmcvivwmybwjlpf7wh20l-graalvm17-ce-22.3.0/lib/libjava.so
7f3702d34000-7f3702d35000 r--p 00024000 00:1839 4611686019135190028      /nix/store/gpxl5qgg8kicmcvivwmybwjlpf7wh20l-graalvm17-ce-22.3.0/lib/libjava.so
7f3702d35000-7f3702d36000 rw-p 00025000 00:1839 4611686019135190028      /nix/store/gpxl5qgg8kicmcvivwmybwjlpf7wh20l-graalvm17-ce-22.3.0/lib/libjava.so
7f3702d36000-7f3702d37000 rw-p 00000000 00:00 0 
7f3702d37000-7f3702d3e000 rw-p 0002f000 00:1839 4611686019135190028      /nix/store/gpxl5qgg8kicmcvivwmybwjlpf7wh20l-graalvm17-ce-22.3.0/lib/libjava.so
7f3702d3e000-7f3702d46000 rw-s 00000000 00:191 350                       /tmp/hsperfdata_runner/30
7f3702d46000-7f3702d47000 ---p 00000000 00:00 0 
7f3702d47000-7f3702d48000 r--p 00000000 00:00 0 
7f3702d48000-7f3702d49000 rwxp 00000000 00:00 0 
7f3702d49000-7f3702d64000 r-xp 00000000 00:1839 4611686019135190032      /nix/store/gpxl5qgg8kicmcvivwmybwjlpf7wh20l-graalvm17-ce-22.3.0/lib/libjimage.so
7f3702d64000-7f3702d65000 ---p 0001b000 00:1839 4611686019135190032      /nix/store/gpxl5qgg8kicmcvivwmybwjlpf7wh20l-graalvm17-ce-22.3.0/lib/libjimage.so
7f3702d65000-7f3702d67000 r--p 0001b000 00:1839 4611686019135190032      /nix/store/gpxl5qgg8kicmcvivwmybwjlpf7wh20l-graalvm17-ce-22.3.0/lib/libjimage.so
7f3702d67000-7f3702d68000 rw-p 0001d000 00:1839 4611686019135190032      /nix/store/gpxl5qgg8kicmcvivwmybwjlpf7wh20l-graalvm17-ce-22.3.0/lib/libjimage.so
7f3702d68000-7f3702d69000 rw-p 00024000 00:1839 4611686019135190032      /nix/store/gpxl5qgg8kicmcvivwmybwjlpf7wh20l-graalvm17-ce-22.3.0/lib/libjimage.so
7f3702d69000-7f3702d6d000 ---p 00000000 00:00 0 
7f3702d6d000-7f3702e69000 rw-p 00000000 00:00 0 
7f3702e69000-7f3702e77000 r--p 00000000 00:1839 4611686019027979927      /nix/store/4nlgxhb09sdr51nc9hdm8az5b08vzkgx-glibc-2.35-163/lib/libm.so.6
7f3702e77000-7f3702eea000 r-xp 0000e000 00:1839 4611686019027979927      /nix/store/4nlgxhb09sdr51nc9hdm8az5b08vzkgx-glibc-2.35-163/lib/libm.so.6
7f3702eea000-7f3702f47000 r--p 00081000 00:1839 4611686019027979927      /nix/store/4nlgxhb09sdr51nc9hdm8az5b08vzkgx-glibc-2.35-163/lib/libm.so.6
7f3702f47000-7f3702f48000 r--p 000dd000 00:1839 4611686019027979927      /nix/store/4nlgxhb09sdr51nc9hdm8az5b08vzkgx-glibc-2.35-163/lib/libm.so.6
7f3702f48000-7f3702f49000 rw-p 000de000 00:1839 4611686019027979927      /nix/store/4nlgxhb09sdr51nc9hdm8az5b08vzkgx-glibc-2.35-163/lib/libm.so.6
7f3702f49000-7f3702f4a000 r--p 00000000 00:1839 4611686019027979946      /nix/store/4nlgxhb09sdr51nc9hdm8az5b08vzkgx-glibc-2.35-163/lib/librt.so.1
7f3702f4a000-7f3702f4b000 r-xp 00001000 00:1839 4611686019027979946      /nix/store/4nlgxhb09sdr51nc9hdm8az5b08vzkgx-glibc-2.35-163/lib/librt.so.1
7f3702f4b000-7f3702f4c000 r--p 00002000 00:1839 4611686019027979946      /nix/store/4nlgxhb09sdr51nc9hdm8az5b08vzkgx-glibc-2.35-163/lib/librt.so.1
7f3702f4c000-7f3702f4d000 r--p 00002000 00:1839 4611686019027979946      /nix/store/4nlgxhb09sdr51nc9hdm8az5b08vzkgx-glibc-2.35-163/lib/librt.so.1
7f3702f4d000-7f3702f4e000 rw-p 00003000 00:1839 4611686019027979946      /nix/store/4nlgxhb09sdr51nc9hdm8az5b08vzkgx-glibc-2.35-163/lib/librt.so.1
7f3702f4e000-7f3704061000 r-xp 00000000 00:1839 4611686019135360866      /nix/store/gpxl5qgg8kicmcvivwmybwjlpf7wh20l-graalvm17-ce-22.3.0/lib/server/libjvm.so
7f3704061000-7f3704062000 ---p 01113000 00:1839 4611686019135360866      /nix/store/gpxl5qgg8kicmcvivwmybwjlpf7wh20l-graalvm17-ce-22.3.0/lib/server/libjvm.so
7f3704062000-7f3704117000 r--p 01113000 00:1839 4611686019135360866      /nix/store/gpxl5qgg8kicmcvivwmybwjlpf7wh20l-graalvm17-ce-22.3.0/lib/server/libjvm.so
7f3704117000-7f370414b000 rw-p 011c8000 00:1839 4611686019135360866      /nix/store/gpxl5qgg8kicmcvivwmybwjlpf7wh20l-graalvm17-ce-22.3.0/lib/server/libjvm.so
7f370414b000-7f37041a7000 rw-p 00000000 00:00 0 
7f37041a7000-7f37041cf000 r--p 00000000 00:1839 4611686019027979918      /nix/store/4nlgxhb09sdr51nc9hdm8az5b08vzkgx-glibc-2.35-163/lib/libc.so.6
7f37041cf000-7f3704345000 r-xp 00028000 00:1839 4611686019027979918      /nix/store/4nlgxhb09sdr51nc9hdm8az5b08vzkgx-glibc-2.35-163/lib/libc.so.6
7f3704345000-7f370439d000 r--p 0019e000 00:1839 4611686019027979918      /nix/store/4nlgxhb09sdr51nc9hdm8az5b08vzkgx-glibc-2.35-163/lib/libc.so.6
7f370439d000-7f37043a1000 r--p 001f6000 00:1839 4611686019027979918      /nix/store/4nlgxhb09sdr51nc9hdm8az5b08vzkgx-glibc-2.35-163/lib/libc.so.6
7f37043a1000-7f37043a3000 rw-p 001fa000 00:1839 4611686019027979918      /nix/store/4nlgxhb09sdr51nc9hdm8az5b08vzkgx-glibc-2.35-163/lib/libc.so.6
7f37043a3000-7f37043b2000 rw-p 00000000 00:00 0 
7f37043b2000-7f37043b3000 r--p 00000000 00:1839 4611686019027979923      /nix/store/4nlgxhb09sdr51nc9hdm8az5b08vzkgx-glibc-2.35-163/lib/libdl.so.2
7f37043b3000-7f37043b4000 r-xp 00001000 00:1839 4611686019027979923      /nix/store/4nlgxhb09sdr51nc9hdm8az5b08vzkgx-glibc-2.35-163/lib/libdl.so.2
7f37043b4000-7f37043b5000 r--p 00002000 00:1839 4611686019027979923      /nix/store/4nlgxhb09sdr51nc9hdm8az5b08vzkgx-glibc-2.35-163/lib/libdl.so.2
7f37043b5000-7f37043b6000 r--p 00002000 00:1839 4611686019027979923      /nix/store/4nlgxhb09sdr51nc9hdm8az5b08vzkgx-glibc-2.35-163/lib/libdl.so.2
7f37043b6000-7f37043b7000 rw-p 00003000 00:1839 4611686019027979923      /nix/store/4nlgxhb09sdr51nc9hdm8az5b08vzkgx-glibc-2.35-163/lib/libdl.so.2
7f37043b7000-7f37043b8000 r--p 00000000 00:1839 4611686019027979942      /nix/store/4nlgxhb09sdr51nc9hdm8az5b08vzkgx-glibc-2.35-163/lib/libpthread.so.0
7f37043b8000-7f37043b9000 r-xp 00001000 00:1839 4611686019027979942      /nix/store/4nlgxhb09sdr51nc9hdm8az5b08vzkgx-glibc-2.35-163/lib/libpthread.so.0
7f37043b9000-7f37043ba000 r--p 00002000 00:1839 4611686019027979942      /nix/store/4nlgxhb09sdr51nc9hdm8az5b08vzkgx-glibc-2.35-163/lib/libpthread.so.0
7f37043ba000-7f37043bb000 r--p 00002000 00:1839 4611686019027979942      /nix/store/4nlgxhb09sdr51nc9hdm8az5b08vzkgx-glibc-2.35-163/lib/libpthread.so.0
7f37043bb000-7f37043bc000 rw-p 00003000 00:1839 4611686019027979942      /nix/store/4nlgxhb09sdr51nc9hdm8az5b08vzkgx-glibc-2.35-163/lib/libpthread.so.0
7f37043bc000-7f37043ca000 r-xp 00000000 00:1839 4611686019135190033      /nix/store/gpxl5qgg8kicmcvivwmybwjlpf7wh20l-graalvm17-ce-22.3.0/lib/libjli.so
7f37043ca000-7f37043cb000 ---p 0000e000 00:1839 4611686019135190033      /nix/store/gpxl5qgg8kicmcvivwmybwjlpf7wh20l-graalvm17-ce-22.3.0/lib/libjli.so
7f37043cb000-7f37043cc000 r--p 0000e000 00:1839 4611686019135190033      /nix/store/gpxl5qgg8kicmcvivwmybwjlpf7wh20l-graalvm17-ce-22.3.0/lib/libjli.so
7f37043cc000-7f37043cd000 rw-p 0000f000 00:1839 4611686019135190033      /nix/store/gpxl5qgg8kicmcvivwmybwjlpf7wh20l-graalvm17-ce-22.3.0/lib/libjli.so
7f37043cd000-7f37043ce000 rw-p 00012000 00:1839 4611686019135190033      /nix/store/gpxl5qgg8kicmcvivwmybwjlpf7wh20l-graalvm17-ce-22.3.0/lib/libjli.so
7f37043ce000-7f37043d1000 r--p 00000000 00:1839 4611686019106210071      /nix/store/026hln0aq1hyshaxsdvhg0kmcm6yf45r-zlib-1.2.13/lib/libz.so.1.2.13
7f37043d1000-7f37043e3000 r-xp 00003000 00:1839 4611686019106210071      /nix/store/026hln0aq1hyshaxsdvhg0kmcm6yf45r-zlib-1.2.13/lib/libz.so.1.2.13
7f37043e3000-7f37043ea000 r--p 00015000 00:1839 4611686019106210071      /nix/store/026hln0aq1hyshaxsdvhg0kmcm6yf45r-zlib-1.2.13/lib/libz.so.1.2.13
7f37043ea000-7f37043eb000 r--p 0001b000 00:1839 4611686019106210071      /nix/store/026hln0aq1hyshaxsdvhg0kmcm6yf45r-zlib-1.2.13/lib/libz.so.1.2.13
7f37043eb000-7f37043ec000 rw-p 0001c000 00:1839 4611686019106210071      /nix/store/026hln0aq1hyshaxsdvhg0kmcm6yf45r-zlib-1.2.13/lib/libz.so.1.2.13
7f37043ec000-7f37043ee000 rw-p 00000000 00:00 0 
7f37043ee000-7f37043f0000 r--p 00000000 00:1839 4611686019027979912      /nix/store/4nlgxhb09sdr51nc9hdm8az5b08vzkgx-glibc-2.35-163/lib/ld-linux-x86-64.so.2
7f37043f0000-7f3704417000 r-xp 00002000 00:1839 4611686019027979912      /nix/store/4nlgxhb09sdr51nc9hdm8az5b08vzkgx-glibc-2.35-163/lib/ld-linux-x86-64.so.2
7f3704417000-7f3704423000 r--p 00029000 00:1839 4611686019027979912      /nix/store/4nlgxhb09sdr51nc9hdm8az5b08vzkgx-glibc-2.35-163/lib/ld-linux-x86-64.so.2
7f3704423000-7f3704425000 r--p 00034000 00:1839 4611686019027979912      /nix/store/4nlgxhb09sdr51nc9hdm8az5b08vzkgx-glibc-2.35-163/lib/ld-linux-x86-64.so.2
7f3704425000-7f3704427000 rw-p 00036000 00:1839 4611686019027979912      /nix/store/4nlgxhb09sdr51nc9hdm8az5b08vzkgx-glibc-2.35-163/lib/ld-linux-x86-64.so.2
7ffc0937c000-7ffc093a0000 rw-p 00000000 00:00 0                          [stack]
7ffc093a6000-7ffc093aa000 r--p 00000000 00:00 0                          [vvar]
7ffc093aa000-7ffc093ac000 r-xp 00000000 00:00 0                          [vdso]
ffffffffff600000-ffffffffff601000 --xp 00000000 00:00 0                  [vsyscall]


VM Arguments:
jvm_args: -XX:ThreadPriorityPolicy=1 -XX:+UnlockExperimentalVMOptions -XX:+EnableJVMCIProduct -XX:JVMCIThreadsPerNativeLibraryRuntime=1 -XX:-UnlockExperimentalVMOptions -Declipse.application=org.eclipse.jdt.ls.core.id1 -Dosgi.bundles.defaultStartLevel=4 -Declipse.product=org.eclipse.jdt.ls.core.product -Dlog.level=ALL -Xverify:none -XX:+UseParallelGC -XX:GCTimeRatio=4 -XX:AdaptiveSizePolicyWeight=90 -Dsun.zip.disableMemoryMapping=true -Xmx512m -Xms100m 
java_command: /nix/store/m6gcpi1ii6rghy04cjwjddcavv7i90df-jdt-language-server-1.9.0/share/java/plugins/org.eclipse.equinox.launcher_1.6.400.v20210924-0641.jar --add-modules=ALL-SYSTEM --add-opens java.base/java.util=ALL-UNNAMED --add-opens java.base/java.lang=ALL-UNNAMED -configuration /home/runner/.cache/jdt-language-server/config -data /home/runner/.cache/jdt-language-server/data/home/runner/calc
java_class_path (initial): /nix/store/m6gcpi1ii6rghy04cjwjddcavv7i90df-jdt-language-server-1.9.0/share/java/plugins/org.eclipse.equinox.launcher_1.6.400.v20210924-0641.jar
Launcher Type: SUN_STANDARD

[Global flags]
    uintx AdaptiveSizePolicyWeight                 = 90                                        {product} {command line}
     intx CICompilerCount                          = 2                                         {product} {ergonomic}
     bool EnableJVMCIProduct                       = true                                {JVMCI product} {jimage}
    uintx GCTimeRatio                              = 4                                         {product} {command line}
   size_t InitialHeapSize                          = 104857600                                 {product} {command line}
     uint JVMCIThreadsPerNativeLibraryRuntime      = 1                                   {JVMCI product} {jimage}
   size_t MaxHeapSize                              = 536870912                                 {product} {command line}
   size_t MaxNewSize                               = 178782208                                 {product} {ergonomic}
   size_t MinHeapDeltaBytes                        = 524288                                    {product} {ergonomic}
   size_t MinHeapSize                              = 104857600                                 {product} {command line}
   size_t NewSize                                  = 34603008                                  {product} {ergonomic}
    uintx NonNMethodCodeHeapSize                   = 5826188                                {pd product} {ergonomic}
    uintx NonProfiledCodeHeapSize                  = 122916026                              {pd product} {ergonomic}
   size_t OldSize                                  = 70254592                                  {product} {ergonomic}
    uintx ProfiledCodeHeapSize                     = 122916026                              {pd product} {ergonomic}
    uintx ReservedCodeCacheSize                    = 251658240                              {pd product} {ergonomic}
     bool SegmentedCodeCache                       = true                                      {product} {ergonomic}
   size_t SoftMaxHeapSize                          = 536870912                              {manageable} {ergonomic}
     intx ThreadPriorityPolicy                     = 1                                         {product} {jimage}
     bool UseCompressedClassPointers               = true                           {product lp64_product} {ergonomic}
     bool UseCompressedOops                        = true                           {product lp64_product} {ergonomic}
     bool UseParallelGC                            = true                                      {product} {command line}

Logging:
Log output configuration:
 #0: stdout all=warning uptime,level,tags
 #1: stderr all=off uptime,level,tags

Environment Variables:
JAVA_HOME=/nix/store/gpxl5qgg8kicmcvivwmybwjlpf7wh20l-graalvm17-ce-22.3.0
PATH=/nix/store/1d6ian3r8kdzspw8hacjhl3xkp40g1lj-binutils-wrapper-2.39/bin:/nix/store/dq0xwmsk1g0i2ayg6pb7y87na2knzylh-gcc-wrapper-11.3.0/bin:/nix/store/bap4d0lpcrhpwmpb8ayjcgkmvfj62lnq-bash-interactive-5.1-p16/bin:/nix/store/pr5n59mb4jzmfx6kanwxly0l07p861fg-patchelf-0.15.0/bin:/nix/store/1gf2flfqnpqbr1b4p4qz2f72y42bs56r-gcc-11.3.0/bin:/nix/store/57xv61c5zi8pphjbcwxxjlgc34p61ic9-glibc-2.35-163-bin/bin:/nix/store/a7gvj343m05j2s32xcnwr35v31ynlypr-coreutils-9.1/bin:/nix/store/039g378vc3pc3dvi9dzdlrd0i4q93qwf-binutils-2.39/bin:/nix/store/gpxl5qgg8kicmcvivwmybwjlpf7wh20l-graalvm17-ce-22.3.0/bin:/nix/store/6z9ag3ihc8mq2hzsw48lhbznvzny65nz-apache-maven-3.8.6/bin:/nix/store/m6gcpi1ii6rghy04cjwjddcavv7i90df-jdt-language-server-1.9.0/bin:/nix/store/84xs5alhs01zrbr4ywm05kxbjbp5590l-java-debug/bin:/nix/store/mydc6f4k2z73xlcz7ilif3v2lcaiqvza-findutils-4.9.0/bin:/nix/store/j9p3g8472iijd50vhdprx0nmk2fqn5gv-diffutils-3.8/bin:/nix/store/89zs7rms6x00xfq4dq6m7mjnhkr8a6r4-gnused-4.8/bin:/nix/store/86bp03jkmsl6f92w0yzg4s59g5mhxwmy-gnugrep-3.7/bin:/nix/store/hwcdqw4jrjnd37wxqgsd47hd0j8bnj09-gawk-5.1.1/bin:/nix/store/cfbhw8r8ags41vwqaz47r583d0p4h4a1-gnutar-1.34/bin:/nix/store/p3m1ndl1lapwrlh698bnb5lvvxh67378-gzip-1.12/bin:/nix/store/a8mhcagrsly7c7mpjrpsnaahk4aax056-bzip2-1.0.8-bin/bin:/nix/store/mblgz65m3zv9x548a3d5m96fj2pbwr09-gnumake-4.3/bin:/nix/store/dsd5gz46hdbdk2rfdimqddhq6m8m8fqs-bash-5.1-p16/bin:/nix/store/v7ljksji50mg3w61dykaa3n3y79n6nil-patch-2.7.6/bin:/nix/store/zlcnmqq14jz5x9439jf937mvayyl63da-xz-5.2.7-bin/bin:/nix/store/y6aj732zm9m87c82fpvf103a1xb22blp-file-5.43/bin:/nix/store/sgqd0ajghcv2axfl1lad0b1alyavp0dc-prybar-elisp-0.0.0-67f7a00/bin:/nix/store/p3hsvljpgs68jqwar41lc0jqhjj734lf-prybar-lua-0.0.0-67f7a00/bin:/nix/store/qzxs2gybds3s9kb1vkaflpgm2nwr85fh-prybar-python3-0.0.0-67f7a00/bin:/nix/store/km94z9mxp8w4m8gxxp5mbfpdf3nkfvd8-prybar-sqlite-0.0.0-67f7a00/bin:/nix/store/2pnc7b76asw0z59c4l6h6qy8arwqrii1-prybar-tcl-0.0.0-67f7a00/bin:/nix/store/hpbvrlwd5viqmvcaisb3x0118i913a9n-st
LD_LIBRARY_PATH=/nix/store/a4pff549sk2idnkpzk5nsfps3mdkdnvm-cups-2.4.2-lib/lib:/nix/store/72mqxxhh3cy5yifh92wh2yb8cl2hikyy-cairo-1.16.0/lib:/nix/store/2k366jrbsra97gjfxwvrhvixjfxdach5-glib-2.74.1/lib:/nix/store/2j2znigd8ak37rlwh9khz0ry3clqlw1l-gtk+3-3.24.34/lib:/nix/store/hisqvx32cd57apbpcsnkpx6k3549wql1-libglvnd-1.4.0/lib:/nix/store/p36pgcv991mq5srvg765b78yqpxvk3qs-mesa-21.3.3-drivers/lib:/nix/store/mav4251if1ahjq5vkpwycyyvnmy459c4-pulseaudio-14.2/lib
DISPLAY=:0
LANG=en_US.UTF-8

Signal Handlers:
   SIGSEGV: crash_handler in libjvm.so, mask=11100100010111111101111111111110, flags=SA_RESTART|SA_SIGINFO
    SIGBUS: crash_handler in libjvm.so, mask=11100100010111111101111111111110, flags=SA_RESTART|SA_SIGINFO
    SIGFPE: crash_handler in libjvm.so, mask=11100100010111111101111111111110, flags=SA_RESTART|SA_SIGINFO
   SIGPIPE: IsolateEnterStub_IgnoreSIGPIPEStartupHook_noopSignalHandler_8f19bff2f35b5f630d83b364d6b2339320d4ec70_216e8361c6bc87a8f89f58cc10d3b2fd4415bf87 in libjvmcicompiler.so, mask=00000000000000000000000000000000, flags=SA_RESTART
  *** Handler was modified!
  *** Expected: javaSignalHandler in libjvm.so, mask=11100100110111111111111111111110, flags=SA_RESTART|SA_SIGINFO
   SIGXFSZ: javaSignalHandler in libjvm.so, mask=11100100010111111101111111111110, flags=SA_RESTART|SA_SIGINFO
    SIGILL: crash_handler in libjvm.so, mask=11100100010111111101111111111110, flags=SA_RESTART|SA_SIGINFO
   SIGUSR2: SR_handler in libjvm.so, mask=00000000000000000000000000000000, flags=SA_RESTART|SA_SIGINFO
    SIGHUP: UserHandler in libjvm.so, mask=11100100010111111101111111111110, flags=SA_RESTART|SA_SIGINFO
    SIGINT: UserHandler in libjvm.so, mask=11100100010111111101111111111110, flags=SA_RESTART|SA_SIGINFO
   SIGTERM: UserHandler in libjvm.so, mask=11100100010111111101111111111110, flags=SA_RESTART|SA_SIGINFO
   SIGQUIT: UserHandler in libjvm.so, mask=11100100010111111101111111111110, flags=SA_RESTART|SA_SIGINFO
  *** Handler was modified!
  *** Expected: javaSignalHandler in libjvm.so, mask=11100100110111111111111111111110, flags=SA_RESTART|SA_SIGINFO
   SIGTRAP: crash_handler in libjvm.so, mask=11100100010111111101111111111110, flags=SA_RESTART|SA_SIGINFO


---------------  S Y S T E M  ---------------

OS:
DISTRIB_ID=Ubuntu
DISTRIB_RELEASE=20.04
DISTRIB_CODENAME=focal
DISTRIB_DESCRIPTION="Ubuntu 20.04.2 LTS"
uname: Linux 5.15.0-1030-gcp #37~20.04.1-Ubuntu SMP Mon Feb 20 04:30:57 UTC 2023 x86_64
OS uptime: 0 days 6:06 hours
libc: glibc 2.35 NPTL 2.35 
rlimit (soft/hard): STACK 8192k/infinity , CORE infinity/infinity , NPROC infinity/infinity , NOFILE 5242/5242 , AS infinity/infinity , CPU infinity/infinity , DATA infinity/infinity , FSIZE infinity/infinity , MEMLOCK 64k/64k
load average: 13.30 14.41 14.44

/proc/meminfo:
MemTotal:       65852728 kB
MemFree:        30512500 kB
MemAvailable:   48167168 kB
Buffers:         2255680 kB
Cached:         14330748 kB
SwapCached:            0 kB
Active:          7900772 kB
Inactive:       23684692 kB
Active(anon):      14244 kB
Inactive(anon): 14754068 kB
Active(file):    7886528 kB
Inactive(file):  8930624 kB
Unevictable:       43236 kB
Mlocked:           43236 kB
SwapTotal:             0 kB
SwapFree:              0 kB
Dirty:              5544 kB
Writeback:             0 kB
AnonPages:      13906336 kB
Mapped:          1872244 kB
Shmem:             63280 kB
KReclaimable:    1564116 kB
Slab:            2804176 kB
SReclaimable:    1564116 kB
SUnreclaim:      1240060 kB
KernelStack:      393148 kB
PageTables:       139444 kB
NFS_Unstable:          0 kB
Bounce:                0 kB
WritebackTmp:          0 kB
CommitLimit:    32926364 kB
Committed_AS:   64208396 kB
VmallocTotal:   34359738367 kB
VmallocUsed:      429540 kB
VmallocChunk:          0 kB
Percpu:            58240 kB
HardwareCorrupted:     0 kB
AnonHugePages:    913408 kB
ShmemHugePages:        0 kB
ShmemPmdMapped:        0 kB
FileHugePages:         0 kB
FilePmdMapped:         0 kB
HugePages_Total:       0
HugePages_Free:        0
HugePages_Rsvd:        0
HugePages_Surp:        0
Hugepagesize:       2048 kB
Hugetlb:               0 kB
DirectMap4k:     4342592 kB
DirectMap2M:    43888640 kB
DirectMap1G:    20971520 kB

/sys/kernel/mm/transparent_hugepage/enabled: always [madvise] never
/sys/kernel/mm/transparent_hugepage/defrag (defrag/compaction efforts parameter): always defer defer+madvise [madvise] never

Process Memory:
Virtual Size: 4721752K (peak: 4793148K)
Resident Set Size: 720324K (peak: 796776K) (anon: 525148K, file: 195176K, shmem: 0K)
Swapped out: 0K
C-Heap outstanding allocations: 41733K, retained: 14106K
glibc malloc tunables: (default)

/proc/sys/kernel/threads-max (system-wide limit on the number of threads): 514406
/proc/sys/vm/max_map_count (maximum number of memory map areas a process may have): 65530
/proc/sys/kernel/pid_max (system-wide limit on number of process identifiers): 4194304

container (cgroup) information:
container_type: cgroupv1
cpu_cpuset_cpus: 2-7
cpu_memory_nodes: 0
active_processor_count: 1
cpu_quota: 50000
cpu_period: 100000
cpu_shares: 512
memory_limit_in_bytes: 1048576 k
memory_and_swap_limit_in_bytes: 1048576 k
memory_soft_limit_in_bytes: 524288 k
memory_usage_in_bytes: 563680 k
memory_max_usage_in_bytes: 633252 k
maximum number of tasks: 1000
current number of tasks: 49

KVM virtualization detected
Steal ticks since vm start: 0
Steal ticks percentage since vm start:  0.000

CPU: total 8 (initial active 1) (8 cores per cpu, 2 threads per core) family 23 model 49 stepping 0 microcode 0xffffffff, cx8, cmov, fxsr, ht, mmx, 3dnowpref, sse, sse2, sse3, ssse3, sse4a, sse4.1, sse4.2, popcnt, lzcnt, tsc, tscinvbit, avx, avx2, aes, clmul, bmi1, bmi2, adx, sha, fma, vzeroupper, clflush, clflushopt, hv
CPU Model and flags from /proc/cpuinfo:
model name	: AMD EPYC 7B12
flags		: fpu vme de pse tsc msr pae mce cx8 apic sep mtrr pge mca cmov pat pse36 clflush mmx fxsr sse sse2 ht syscall nx mmxext fxsr_opt pdpe1gb rdtscp lm constant_tsc rep_good nopl nonstop_tsc cpuid extd_apicid tsc_known_freq pni pclmulqdq ssse3 fma cx16 sse4_1 sse4_2 movbe popcnt aes xsave avx f16c rdrand hypervisor lahf_lm cmp_legacy cr8_legacy abm sse4a misalignsse 3dnowprefetch osvw topoext ssbd ibrs ibpb stibp vmmcall fsgsbase tsc_adjust bmi1 avx2 smep bmi2 rdseed adx smap clflushopt clwb sha_ni xsaveopt xsavec xgetbv1 clzero xsaveerptr arat npt nrip_save umip rdpid

Online cpus: 0-7
Offline cpus: 
BIOS frequency limitation: <Not Available>
Frequency switch latency (ns): <Not Available>
Available cpu frequencies: <Not Available>
Current governor: <Not Available>
Core performance/turbo boost: <Not Available>

Memory: 4k page, physical 1048576k(484884k free), swap 0k(0k free)
Page Sizes: 4k

vm_info: OpenJDK 64-Bit Server VM (17.0.5+8-jvmci-22.3-b08) for linux-amd64 JRE (17.0.5+8-jvmci-22.3-b08), built on Oct 19 2022 09:01:27 by "buildslave" with gcc 10.3.0

END.
